<?xml version="1.0" encoding="UTF-8"?>
<testsuites name="TS_AppRegression" time="1" tests="0" failures="1" errors="0">
   <testsuite name="TS_AppRegression" tests="0" failures="1" errors="0" time="1" timestamp="2018-09-04 17:14:01" hostname="Agato - 172.20.13.209" id="Test Suites/App/TS_AppRegression">
      <properties>
         <property name="deviceName" value=""/>
         <property name="devicePlatform" value=""/>
         <property name="logFolder" value="C:\\Users\\Agato\\git\\Circutor\\Circutor\\Reports\\App\\TS_AppRegression\\20180904_171359"/>
         <property name="logFiles" value="C:\\Users\\Agato\\git\\Circutor\\Circutor\\Reports\\App\\TS_AppRegression\\20180904_171359\\execution0.log"/>
         <property name="attachments" value=""/>
         <property name="hostName" value="Agato - 172.20.13.209"/>
         <property name="hostAddress" value="172.20.13.209"/>
         <property name="os" value="Windows 10 64bit"/>
         <property name="katalonVersion" value="5.6.3.1"/>
      </properties>
      <testcase name="Test Cases/App/Android/TC/New Test Case" classname="Test Cases/App/Android/TC/New Test Case" status="FAILED">
         <failure type="FAILED" message="Unable to start app at: '' (Root cause: java.lang.IllegalArgumentException: The application file is missing. Please set the application file and try again.)"/>
         <system-out><![CDATA[2018-09-04 17:14:01 - [TEST_CASE][FAILED] - Test Cases/App/Android/TC/New Test Case: Test Cases/App/Android/TC/New Test Case FAILED because (of) Unable to start app at: '' (Root cause: java.lang.IllegalArgumentException: The application file is missing. Please set the application file and try again.)

2018-09-04 17:14:01 - [TEST_STEP][FAILED] - callTestCase: Unable to call Test Case with id 'Test Cases/App/Android/Lib/InstallApp' (Root cause: Call Test Case 'Test Cases/App/Android/Lib/InstallApp' failed)

2018-09-04 17:14:01 - [TEST_CASE][FAILED] - Test Cases/App/Android/Lib/InstallApp: Test Cases/App/Android/Lib/InstallApp FAILED because (of) Unable to start app at: '' (Root cause: java.lang.IllegalArgumentException: The application file is missing. Please set the application file and try again.)

2018-09-04 17:14:02 - [TEST_STEP][FAILED] - startApplication: Unable to start app at: '' (Root cause: java.lang.IllegalArgumentException: The application file is missing. Please set the application file and try again.)

2018-09-04 17:14:02 - [MESSAGE][FAILED] - Unable to start app at: '' (Root cause: java.lang.IllegalArgumentException: The application file is missing. Please set the application file and try again.)

2018-09-04 17:14:02 - [MESSAGE][FAILED] - Unable to call Test Case with id 'Test Cases/App/Android/Lib/InstallApp' (Root cause: Call Test Case 'Test Cases/App/Android/Lib/InstallApp' failed)]]></system-out>
         <system-err><![CDATA[2018-09-04 17:14:01 - [TEST_CASE][FAILED] - Test Cases/App/Android/TC/New Test Case: Test Cases/App/Android/TC/New Test Case FAILED because (of) Unable to start app at: '' (Root cause: java.lang.IllegalArgumentException: The application file is missing. Please set the application file and try again.)]]></system-err>
      </testcase>
      <system-out><![CDATA[2018-09-04 17:14:01 - [TEST_SUITE][FAILED] - TS_AppRegression: Test Cases/App/Android/TC/New Test Case FAILED because (of) Unable to start app at: '' (Root cause: java.lang.IllegalArgumentException: The application file is missing. Please set the application file and try again.)]]></system-out>
      <system-err><![CDATA[2018-09-04 17:14:01 - [TEST_SUITE][FAILED] - TS_AppRegression: Test Cases/App/Android/TC/New Test Case FAILED because (of) Unable to start app at: '' (Root cause: java.lang.IllegalArgumentException: The application file is missing. Please set the application file and try again.)]]></system-err>
   </testsuite>
</testsuites>
