{"devicePlatform":"","logFolder":"C:\\Users\\Agato\\git\\Circutor\\Circutor\\Reports\\Web\\TS_Regression\\20180904_171521","runData":{"hostName":"Agato - 172.20.13.209","hostAddress":"172.20.13.209","os":"Windows 10 64bit","katalonVersion":"5.6.3.1"},"type":"TEST_SUITE","name":"TS_Regression","id":"Test Suites/Web/TS_Regression","source":"","message":"Test Cases/Web/TC/TC_Home FAILED because (of) Unable to open browser with url: \u0027\u0027 (Root cause: org.openqa.selenium.SessionNotCreatedException: Unexpected error launching Internet Explorer. Browser zoom level was set to 125%. It should be set to 100%\nBuild info: version: \u00273.7.1\u0027, revision: \u00278a0099a\u0027, time: \u00272017-11-06T21:07:36.161Z\u0027\nSystem info: host: \u0027PC251\u0027, ip: \u0027172.20.13.209\u0027, os.name: \u0027Windows 10\u0027, os.arch: \u0027amd64\u0027, os.version: \u002710.0\u0027, java.version: \u00271.8.0_102\u0027\nDriver info: driver.version: CInternetExplorerDriver\nremote stacktrace: )","description":"","startTime":1536074123777,"endTime":1536074131567,"childRecords":[{"isOptional":false,"type":"TEST_CASE","name":"Test Cases/Web/TC/TC_Home","id":"Test Cases/Web/TC/TC_Home","source":"C:\\\\Users\\\\Agato\\\\git\\\\Circutor\\\\Circutor\\\\Test Cases\\\\Web\\\\TC\\\\TC_Home.tc","message":"Test Cases/Web/TC/TC_Home FAILED because (of) Unable to open browser with url: \u0027\u0027 (Root cause: org.openqa.selenium.SessionNotCreatedException: Unexpected error launching Internet Explorer. Browser zoom level was set to 125%. It should be set to 100%\nBuild info: version: \u00273.7.1\u0027, revision: \u00278a0099a\u0027, time: \u00272017-11-06T21:07:36.161Z\u0027\nSystem info: host: \u0027PC251\u0027, ip: \u0027172.20.13.209\u0027, os.name: \u0027Windows 10\u0027, os.arch: \u0027amd64\u0027, os.version: \u002710.0\u0027, java.version: \u00271.8.0_102\u0027\nDriver info: driver.version: CInternetExplorerDriver\nremote stacktrace: )","description":"","startTime":1536074124105,"endTime":1536074127593,"childRecords":[{"testStatus":{"stackTrace":"","statusValue":"INFO"},"type":"MESSAGE","name":"","message":"Evaluating variables for test case","startTime":1536074124130,"endTime":0,"childRecords":[],"interuppted":false},{"index":1,"isIgnoredIfFailed":false,"type":"TEST_STEP","name":"callTestCase","message":"Unable to call Test Case with id \u0027Test Cases/Web/Lib/Indice/OpenBrowser\u0027 (Root cause: Call Test Case \u0027Test Cases/Web/Lib/Indice/OpenBrowser\u0027 failed)","description":"","startTime":1536074124446,"endTime":1536074127585,"childRecords":[{"isOptional":false,"type":"TEST_CASE","name":"Test Cases/Web/Lib/Indice/OpenBrowser","id":"Test Cases/Web/Lib/Indice/OpenBrowser","source":"C:\\\\Users\\\\Agato\\\\git\\\\Circutor\\\\Circutor\\\\Test Cases\\\\Web\\\\Lib\\\\Indice\\\\OpenBrowser.tc","message":"Test Cases/Web/Lib/Indice/OpenBrowser FAILED because (of) Unable to open browser with url: \u0027\u0027 (Root cause: org.openqa.selenium.SessionNotCreatedException: Unexpected error launching Internet Explorer. Browser zoom level was set to 125%. It should be set to 100%\nBuild info: version: \u00273.7.1\u0027, revision: \u00278a0099a\u0027, time: \u00272017-11-06T21:07:36.161Z\u0027\nSystem info: host: \u0027PC251\u0027, ip: \u0027172.20.13.209\u0027, os.name: \u0027Windows 10\u0027, os.arch: \u0027amd64\u0027, os.version: \u002710.0\u0027, java.version: \u00271.8.0_102\u0027\nDriver info: driver.version: CInternetExplorerDriver\nremote stacktrace: )","description":"","startTime":1536074124583,"endTime":1536074127580,"childRecords":[{"testStatus":{"stackTrace":"","statusValue":"INFO"},"type":"MESSAGE","name":"","message":"Evaluating variables for test case","startTime":1536074124601,"endTime":0,"childRecords":[],"interuppted":false},{"index":1,"isIgnoredIfFailed":false,"type":"TEST_STEP","name":"Statement - Try","message":"Unable to open browser with url: \u0027\u0027 (Root cause: org.openqa.selenium.SessionNotCreatedException: Unexpected error launching Internet Explorer. Browser zoom level was set to 125%. It should be set to 100%\nBuild info: version: \u00273.7.1\u0027, revision: \u00278a0099a\u0027, time: \u00272017-11-06T21:07:36.161Z\u0027\nSystem info: host: \u0027PC251\u0027, ip: \u0027172.20.13.209\u0027, os.name: \u0027Windows 10\u0027, os.arch: \u0027amd64\u0027, os.version: \u002710.0\u0027, java.version: \u00271.8.0_102\u0027\nDriver info: driver.version: CInternetExplorerDriver\nremote stacktrace: )","description":"","startTime":1536074124724,"endTime":1536074126819,"childRecords":[{"index":1,"isIgnoredIfFailed":false,"type":"TEST_STEP","name":"openBrowser","message":"Unable to open browser with url: \u0027\u0027 (Root cause: org.openqa.selenium.SessionNotCreatedException: Unexpected error launching Internet Explorer. Browser zoom level was set to 125%. It should be set to 100%\nBuild info: version: \u00273.7.1\u0027, revision: \u00278a0099a\u0027, time: \u00272017-11-06T21:07:36.161Z\u0027\nSystem info: host: \u0027PC251\u0027, ip: \u0027172.20.13.209\u0027, os.name: \u0027Windows 10\u0027, os.arch: \u0027amd64\u0027, os.version: \u002710.0\u0027, java.version: \u00271.8.0_102\u0027\nDriver info: driver.version: CInternetExplorerDriver\nremote stacktrace: )","description":"","startTime":1536074124725,"endTime":1536074126818,"childRecords":[{"testStatus":{"stackTrace":"","statusValue":"FAILED"},"type":"MESSAGE","name":"","message":"Unable to open browser with url: \u0027\u0027 (Root cause: org.openqa.selenium.SessionNotCreatedException: Unexpected error launching Internet Explorer. Browser zoom level was set to 125%. It should be set to 100%\nBuild info: version: \u00273.7.1\u0027, revision: \u00278a0099a\u0027, time: \u00272017-11-06T21:07:36.161Z\u0027\nSystem info: host: \u0027PC251\u0027, ip: \u0027172.20.13.209\u0027, os.name: \u0027Windows 10\u0027, os.arch: \u0027amd64\u0027, os.version: \u002710.0\u0027, java.version: \u00271.8.0_102\u0027\nDriver info: driver.version: CInternetExplorerDriver\nremote stacktrace: )","startTime":1536074126817,"endTime":0,"childRecords":[],"interuppted":false}],"interuppted":false}],"interuppted":false},{"index":2,"isIgnoredIfFailed":false,"type":"TEST_STEP","name":"Statement - Finally","message":"Call Test Case \u0027Test Cases/Web/Lib/Indice/CloseBrowser\u0027 successfully","description":"","startTime":1536074126820,"endTime":1536074127577,"childRecords":[{"index":1,"isIgnoredIfFailed":false,"type":"TEST_STEP","name":"callTestCase","message":"Call Test Case \u0027Test Cases/Web/Lib/Indice/CloseBrowser\u0027 successfully","description":"","startTime":1536074126821,"endTime":1536074127576,"childRecords":[{"isOptional":false,"type":"TEST_CASE","name":"Test Cases/Web/Lib/Indice/CloseBrowser","id":"Test Cases/Web/Lib/Indice/CloseBrowser","source":"C:\\\\Users\\\\Agato\\\\git\\\\Circutor\\\\Circutor\\\\Test Cases\\\\Web\\\\Lib\\\\Indice\\\\CloseBrowser.tc","message":"Test Cases/Web/Lib/Indice/CloseBrowser","description":"","startTime":1536074126882,"endTime":1536074127572,"childRecords":[{"testStatus":{"stackTrace":"","statusValue":"INFO"},"type":"MESSAGE","name":"","message":"Evaluating variables for test case","startTime":1536074126888,"endTime":0,"childRecords":[],"interuppted":false},{"index":1,"isIgnoredIfFailed":false,"type":"TEST_STEP","name":"closeBrowser","message":"Browser is closed","description":"","startTime":1536074127038,"endTime":1536074127571,"childRecords":[{"testStatus":{"stackTrace":"","statusValue":"PASSED"},"type":"MESSAGE","name":"","message":"Browser is closed","startTime":1536074127571,"endTime":0,"childRecords":[],"interuppted":false}],"interuppted":false},{"testStatus":{"stackTrace":"","statusValue":"PASSED"},"type":"MESSAGE","name":"","message":"Test Cases/Web/Lib/Indice/CloseBrowser","startTime":1536074127572,"endTime":0,"childRecords":[],"interuppted":false}],"interuppted":false},{"testStatus":{"stackTrace":"","statusValue":"PASSED"},"type":"MESSAGE","name":"","message":"Call Test Case \u0027Test Cases/Web/Lib/Indice/CloseBrowser\u0027 successfully","startTime":1536074127576,"endTime":0,"childRecords":[],"interuppted":false}],"interuppted":false}],"interuppted":false},{"testStatus":{"stackTrace":"","statusValue":"FAILED"},"type":"MESSAGE","name":"","message":"Test Cases/Web/Lib/Indice/OpenBrowser FAILED because (of) Unable to open browser with url: \u0027\u0027 (Root cause: org.openqa.selenium.SessionNotCreatedException: Unexpected error launching Internet Explorer. Browser zoom level was set to 125%. It should be set to 100%\nBuild info: version: \u00273.7.1\u0027, revision: \u00278a0099a\u0027, time: \u00272017-11-06T21:07:36.161Z\u0027\nSystem info: host: \u0027PC251\u0027, ip: \u0027172.20.13.209\u0027, os.name: \u0027Windows 10\u0027, os.arch: \u0027amd64\u0027, os.version: \u002710.0\u0027, java.version: \u00271.8.0_102\u0027\nDriver info: driver.version: CInternetExplorerDriver\nremote stacktrace: )","startTime":1536074127577,"endTime":0,"childRecords":[],"interuppted":false}],"interuppted":false},{"testStatus":{"stackTrace":"","statusValue":"FAILED"},"type":"MESSAGE","name":"","message":"Unable to call Test Case with id \u0027Test Cases/Web/Lib/Indice/OpenBrowser\u0027 (Root cause: Call Test Case \u0027Test Cases/Web/Lib/Indice/OpenBrowser\u0027 failed)","startTime":1536074127584,"endTime":0,"childRecords":[],"interuppted":false}],"interuppted":false},{"testStatus":{"stackTrace":"","statusValue":"FAILED"},"type":"MESSAGE","name":"","message":"Test Cases/Web/TC/TC_Home FAILED because (of) Unable to open browser with url: \u0027\u0027 (Root cause: org.openqa.selenium.SessionNotCreatedException: Unexpected error launching Internet Explorer. Browser zoom level was set to 125%. It should be set to 100%\nBuild info: version: \u00273.7.1\u0027, revision: \u00278a0099a\u0027, time: \u00272017-11-06T21:07:36.161Z\u0027\nSystem info: host: \u0027PC251\u0027, ip: \u0027172.20.13.209\u0027, os.name: \u0027Windows 10\u0027, os.arch: \u0027amd64\u0027, os.version: \u002710.0\u0027, java.version: \u00271.8.0_102\u0027\nDriver info: driver.version: CInternetExplorerDriver\nremote stacktrace: )","startTime":1536074127585,"endTime":0,"childRecords":[],"interuppted":false}],"interuppted":false},{"isOptional":false,"type":"TEST_CASE","name":"Test Cases/Web/TC/TC_Login","id":"Test Cases/Web/TC/TC_Login","source":"C:\\\\Users\\\\Agato\\\\git\\\\Circutor\\\\Circutor\\\\Test Cases\\\\Web\\\\TC\\\\TC_Login.tc","message":"Test Cases/Web/TC/TC_Login FAILED because (of) Unable to open browser with url: \u0027\u0027 (Root cause: org.openqa.selenium.SessionNotCreatedException: Unexpected error launching Internet Explorer. Browser zoom level was set to 125%. It should be set to 100%\nBuild info: version: \u00273.7.1\u0027, revision: \u00278a0099a\u0027, time: \u00272017-11-06T21:07:36.161Z\u0027\nSystem info: host: \u0027PC251\u0027, ip: \u0027172.20.13.209\u0027, os.name: \u0027Windows 10\u0027, os.arch: \u0027amd64\u0027, os.version: \u002710.0\u0027, java.version: \u00271.8.0_102\u0027\nDriver info: driver.version: CInternetExplorerDriver\nremote stacktrace: )","description":"","startTime":1536074127597,"endTime":1536074129534,"childRecords":[{"testStatus":{"stackTrace":"","statusValue":"INFO"},"type":"MESSAGE","name":"","message":"Evaluating variables for test case","startTime":1536074127611,"endTime":0,"childRecords":[],"interuppted":false},{"index":1,"isIgnoredIfFailed":false,"type":"TEST_STEP","name":"callTestCase","message":"Unable to call Test Case with id \u0027Test Cases/Web/Lib/Indice/OpenBrowser\u0027 (Root cause: Call Test Case \u0027Test Cases/Web/Lib/Indice/OpenBrowser\u0027 failed)","description":"","startTime":1536074127738,"endTime":1536074129530,"childRecords":[{"isOptional":false,"type":"TEST_CASE","name":"Test Cases/Web/Lib/Indice/OpenBrowser","id":"Test Cases/Web/Lib/Indice/OpenBrowser","source":"C:\\\\Users\\\\Agato\\\\git\\\\Circutor\\\\Circutor\\\\Test Cases\\\\Web\\\\Lib\\\\Indice\\\\OpenBrowser.tc","message":"Test Cases/Web/Lib/Indice/OpenBrowser FAILED because (of) Unable to open browser with url: \u0027\u0027 (Root cause: org.openqa.selenium.SessionNotCreatedException: Unexpected error launching Internet Explorer. Browser zoom level was set to 125%. It should be set to 100%\nBuild info: version: \u00273.7.1\u0027, revision: \u00278a0099a\u0027, time: \u00272017-11-06T21:07:36.161Z\u0027\nSystem info: host: \u0027PC251\u0027, ip: \u0027172.20.13.209\u0027, os.name: \u0027Windows 10\u0027, os.arch: \u0027amd64\u0027, os.version: \u002710.0\u0027, java.version: \u00271.8.0_102\u0027\nDriver info: driver.version: CInternetExplorerDriver\nremote stacktrace: )","description":"","startTime":1536074127795,"endTime":1536074129525,"childRecords":[{"testStatus":{"stackTrace":"","statusValue":"INFO"},"type":"MESSAGE","name":"","message":"Evaluating variables for test case","startTime":1536074127803,"endTime":0,"childRecords":[],"interuppted":false},{"index":1,"isIgnoredIfFailed":false,"type":"TEST_STEP","name":"Statement - Try","message":"Unable to open browser with url: \u0027\u0027 (Root cause: org.openqa.selenium.SessionNotCreatedException: Unexpected error launching Internet Explorer. Browser zoom level was set to 125%. It should be set to 100%\nBuild info: version: \u00273.7.1\u0027, revision: \u00278a0099a\u0027, time: \u00272017-11-06T21:07:36.161Z\u0027\nSystem info: host: \u0027PC251\u0027, ip: \u0027172.20.13.209\u0027, os.name: \u0027Windows 10\u0027, os.arch: \u0027amd64\u0027, os.version: \u002710.0\u0027, java.version: \u00271.8.0_102\u0027\nDriver info: driver.version: CInternetExplorerDriver\nremote stacktrace: )","description":"","startTime":1536074127806,"endTime":1536074128935,"childRecords":[{"index":1,"isIgnoredIfFailed":false,"type":"TEST_STEP","name":"openBrowser","message":"Unable to open browser with url: \u0027\u0027 (Root cause: org.openqa.selenium.SessionNotCreatedException: Unexpected error launching Internet Explorer. Browser zoom level was set to 125%. It should be set to 100%\nBuild info: version: \u00273.7.1\u0027, revision: \u00278a0099a\u0027, time: \u00272017-11-06T21:07:36.161Z\u0027\nSystem info: host: \u0027PC251\u0027, ip: \u0027172.20.13.209\u0027, os.name: \u0027Windows 10\u0027, os.arch: \u0027amd64\u0027, os.version: \u002710.0\u0027, java.version: \u00271.8.0_102\u0027\nDriver info: driver.version: CInternetExplorerDriver\nremote stacktrace: )","description":"","startTime":1536074127806,"endTime":1536074128935,"childRecords":[{"testStatus":{"stackTrace":"","statusValue":"FAILED"},"type":"MESSAGE","name":"","message":"Unable to open browser with url: \u0027\u0027 (Root cause: org.openqa.selenium.SessionNotCreatedException: Unexpected error launching Internet Explorer. Browser zoom level was set to 125%. It should be set to 100%\nBuild info: version: \u00273.7.1\u0027, revision: \u00278a0099a\u0027, time: \u00272017-11-06T21:07:36.161Z\u0027\nSystem info: host: \u0027PC251\u0027, ip: \u0027172.20.13.209\u0027, os.name: \u0027Windows 10\u0027, os.arch: \u0027amd64\u0027, os.version: \u002710.0\u0027, java.version: \u00271.8.0_102\u0027\nDriver info: driver.version: CInternetExplorerDriver\nremote stacktrace: )","startTime":1536074128935,"endTime":0,"childRecords":[],"interuppted":false}],"interuppted":false}],"interuppted":false},{"index":2,"isIgnoredIfFailed":false,"type":"TEST_STEP","name":"Statement - Finally","message":"Call Test Case \u0027Test Cases/Web/Lib/Indice/CloseBrowser\u0027 successfully","description":"","startTime":1536074128936,"endTime":1536074129519,"childRecords":[{"index":1,"isIgnoredIfFailed":false,"type":"TEST_STEP","name":"callTestCase","message":"Call Test Case \u0027Test Cases/Web/Lib/Indice/CloseBrowser\u0027 successfully","description":"","startTime":1536074128936,"endTime":1536074129518,"childRecords":[{"isOptional":false,"type":"TEST_CASE","name":"Test Cases/Web/Lib/Indice/CloseBrowser","id":"Test Cases/Web/Lib/Indice/CloseBrowser","source":"C:\\\\Users\\\\Agato\\\\git\\\\Circutor\\\\Circutor\\\\Test Cases\\\\Web\\\\Lib\\\\Indice\\\\CloseBrowser.tc","message":"Test Cases/Web/Lib/Indice/CloseBrowser","description":"","startTime":1536074128993,"endTime":1536074129516,"childRecords":[{"testStatus":{"stackTrace":"","statusValue":"INFO"},"type":"MESSAGE","name":"","message":"Evaluating variables for test case","startTime":1536074128997,"endTime":0,"childRecords":[],"interuppted":false},{"index":1,"isIgnoredIfFailed":false,"type":"TEST_STEP","name":"closeBrowser","message":"Browser is closed","description":"","startTime":1536074128999,"endTime":1536074129514,"childRecords":[{"testStatus":{"stackTrace":"","statusValue":"PASSED"},"type":"MESSAGE","name":"","message":"Browser is closed","startTime":1536074129512,"endTime":0,"childRecords":[],"interuppted":false}],"interuppted":false},{"testStatus":{"stackTrace":"","statusValue":"PASSED"},"type":"MESSAGE","name":"","message":"Test Cases/Web/Lib/Indice/CloseBrowser","startTime":1536074129515,"endTime":0,"childRecords":[],"interuppted":false}],"interuppted":false},{"testStatus":{"stackTrace":"","statusValue":"PASSED"},"type":"MESSAGE","name":"","message":"Call Test Case \u0027Test Cases/Web/Lib/Indice/CloseBrowser\u0027 successfully","startTime":1536074129517,"endTime":0,"childRecords":[],"interuppted":false}],"interuppted":false}],"interuppted":false},{"testStatus":{"stackTrace":"","statusValue":"FAILED"},"type":"MESSAGE","name":"","message":"Test Cases/Web/Lib/Indice/OpenBrowser FAILED because (of) Unable to open browser with url: \u0027\u0027 (Root cause: org.openqa.selenium.SessionNotCreatedException: Unexpected error launching Internet Explorer. Browser zoom level was set to 125%. It should be set to 100%\nBuild info: version: \u00273.7.1\u0027, revision: \u00278a0099a\u0027, time: \u00272017-11-06T21:07:36.161Z\u0027\nSystem info: host: \u0027PC251\u0027, ip: \u0027172.20.13.209\u0027, os.name: \u0027Windows 10\u0027, os.arch: \u0027amd64\u0027, os.version: \u002710.0\u0027, java.version: \u00271.8.0_102\u0027\nDriver info: driver.version: CInternetExplorerDriver\nremote stacktrace: )","startTime":1536074129521,"endTime":0,"childRecords":[],"interuppted":false}],"interuppted":false},{"testStatus":{"stackTrace":"","statusValue":"FAILED"},"type":"MESSAGE","name":"","message":"Unable to call Test Case with id \u0027Test Cases/Web/Lib/Indice/OpenBrowser\u0027 (Root cause: Call Test Case \u0027Test Cases/Web/Lib/Indice/OpenBrowser\u0027 failed)","startTime":1536074129527,"endTime":0,"childRecords":[],"interuppted":false}],"interuppted":false},{"testStatus":{"stackTrace":"","statusValue":"FAILED"},"type":"MESSAGE","name":"","message":"Test Cases/Web/TC/TC_Login FAILED because (of) Unable to open browser with url: \u0027\u0027 (Root cause: org.openqa.selenium.SessionNotCreatedException: Unexpected error launching Internet Explorer. Browser zoom level was set to 125%. It should be set to 100%\nBuild info: version: \u00273.7.1\u0027, revision: \u00278a0099a\u0027, time: \u00272017-11-06T21:07:36.161Z\u0027\nSystem info: host: \u0027PC251\u0027, ip: \u0027172.20.13.209\u0027, os.name: \u0027Windows 10\u0027, os.arch: \u0027amd64\u0027, os.version: \u002710.0\u0027, java.version: \u00271.8.0_102\u0027\nDriver info: driver.version: CInternetExplorerDriver\nremote stacktrace: )","startTime":1536074129531,"endTime":0,"childRecords":[],"interuppted":false}],"interuppted":false},{"isOptional":false,"type":"TEST_CASE","name":"Test Cases/Web/TC/TC_NewUser","id":"Test Cases/Web/TC/TC_NewUser","source":"C:\\\\Users\\\\Agato\\\\git\\\\Circutor\\\\Circutor\\\\Test Cases\\\\Web\\\\TC\\\\TC_NewUser.tc","message":"Test Cases/Web/TC/TC_NewUser FAILED because (of) Unable to open browser with url: \u0027\u0027 (Root cause: org.openqa.selenium.SessionNotCreatedException: Unexpected error launching Internet Explorer. Browser zoom level was set to 125%. It should be set to 100%\nBuild info: version: \u00273.7.1\u0027, revision: \u00278a0099a\u0027, time: \u00272017-11-06T21:07:36.161Z\u0027\nSystem info: host: \u0027PC251\u0027, ip: \u0027172.20.13.209\u0027, os.name: \u0027Windows 10\u0027, os.arch: \u0027amd64\u0027, os.version: \u002710.0\u0027, java.version: \u00271.8.0_102\u0027\nDriver info: driver.version: CInternetExplorerDriver\nremote stacktrace: )","description":"","startTime":1536074129541,"endTime":1536074131541,"childRecords":[{"testStatus":{"stackTrace":"","statusValue":"INFO"},"type":"MESSAGE","name":"","message":"Evaluating variables for test case","startTime":1536074129553,"endTime":0,"childRecords":[],"interuppted":false},{"index":1,"isIgnoredIfFailed":false,"type":"TEST_STEP","name":"callTestCase","message":"Unable to call Test Case with id \u0027Test Cases/Web/Lib/Indice/OpenBrowser\u0027 (Root cause: Call Test Case \u0027Test Cases/Web/Lib/Indice/OpenBrowser\u0027 failed)","description":"","startTime":1536074129655,"endTime":1536074131540,"childRecords":[{"isOptional":false,"type":"TEST_CASE","name":"Test Cases/Web/Lib/Indice/OpenBrowser","id":"Test Cases/Web/Lib/Indice/OpenBrowser","source":"C:\\\\Users\\\\Agato\\\\git\\\\Circutor\\\\Circutor\\\\Test Cases\\\\Web\\\\Lib\\\\Indice\\\\OpenBrowser.tc","message":"Test Cases/Web/Lib/Indice/OpenBrowser FAILED because (of) Unable to open browser with url: \u0027\u0027 (Root cause: org.openqa.selenium.SessionNotCreatedException: Unexpected error launching Internet Explorer. Browser zoom level was set to 125%. It should be set to 100%\nBuild info: version: \u00273.7.1\u0027, revision: \u00278a0099a\u0027, time: \u00272017-11-06T21:07:36.161Z\u0027\nSystem info: host: \u0027PC251\u0027, ip: \u0027172.20.13.209\u0027, os.name: \u0027Windows 10\u0027, os.arch: \u0027amd64\u0027, os.version: \u002710.0\u0027, java.version: \u00271.8.0_102\u0027\nDriver info: driver.version: CInternetExplorerDriver\nremote stacktrace: )","description":"","startTime":1536074129710,"endTime":1536074131537,"childRecords":[{"testStatus":{"stackTrace":"","statusValue":"INFO"},"type":"MESSAGE","name":"","message":"Evaluating variables for test case","startTime":1536074129715,"endTime":0,"childRecords":[],"interuppted":false},{"index":1,"isIgnoredIfFailed":false,"type":"TEST_STEP","name":"Statement - Try","message":"Unable to open browser with url: \u0027\u0027 (Root cause: org.openqa.selenium.SessionNotCreatedException: Unexpected error launching Internet Explorer. Browser zoom level was set to 125%. It should be set to 100%\nBuild info: version: \u00273.7.1\u0027, revision: \u00278a0099a\u0027, time: \u00272017-11-06T21:07:36.161Z\u0027\nSystem info: host: \u0027PC251\u0027, ip: \u0027172.20.13.209\u0027, os.name: \u0027Windows 10\u0027, os.arch: \u0027amd64\u0027, os.version: \u002710.0\u0027, java.version: \u00271.8.0_102\u0027\nDriver info: driver.version: CInternetExplorerDriver\nremote stacktrace: )","description":"","startTime":1536074129717,"endTime":1536074130950,"childRecords":[{"index":1,"isIgnoredIfFailed":false,"type":"TEST_STEP","name":"openBrowser","message":"Unable to open browser with url: \u0027\u0027 (Root cause: org.openqa.selenium.SessionNotCreatedException: Unexpected error launching Internet Explorer. Browser zoom level was set to 125%. It should be set to 100%\nBuild info: version: \u00273.7.1\u0027, revision: \u00278a0099a\u0027, time: \u00272017-11-06T21:07:36.161Z\u0027\nSystem info: host: \u0027PC251\u0027, ip: \u0027172.20.13.209\u0027, os.name: \u0027Windows 10\u0027, os.arch: \u0027amd64\u0027, os.version: \u002710.0\u0027, java.version: \u00271.8.0_102\u0027\nDriver info: driver.version: CInternetExplorerDriver\nremote stacktrace: )","description":"","startTime":1536074129717,"endTime":1536074130950,"childRecords":[{"testStatus":{"stackTrace":"","statusValue":"FAILED"},"type":"MESSAGE","name":"","message":"Unable to open browser with url: \u0027\u0027 (Root cause: org.openqa.selenium.SessionNotCreatedException: Unexpected error launching Internet Explorer. Browser zoom level was set to 125%. It should be set to 100%\nBuild info: version: \u00273.7.1\u0027, revision: \u00278a0099a\u0027, time: \u00272017-11-06T21:07:36.161Z\u0027\nSystem info: host: \u0027PC251\u0027, ip: \u0027172.20.13.209\u0027, os.name: \u0027Windows 10\u0027, os.arch: \u0027amd64\u0027, os.version: \u002710.0\u0027, java.version: \u00271.8.0_102\u0027\nDriver info: driver.version: CInternetExplorerDriver\nremote stacktrace: )","startTime":1536074130949,"endTime":0,"childRecords":[],"interuppted":false}],"interuppted":false}],"interuppted":false},{"index":2,"isIgnoredIfFailed":false,"type":"TEST_STEP","name":"Statement - Finally","message":"Call Test Case \u0027Test Cases/Web/Lib/Indice/CloseBrowser\u0027 successfully","description":"","startTime":1536074130950,"endTime":1536074131536,"childRecords":[{"index":1,"isIgnoredIfFailed":false,"type":"TEST_STEP","name":"callTestCase","message":"Call Test Case \u0027Test Cases/Web/Lib/Indice/CloseBrowser\u0027 successfully","description":"","startTime":1536074130951,"endTime":1536074131535,"childRecords":[{"isOptional":false,"type":"TEST_CASE","name":"Test Cases/Web/Lib/Indice/CloseBrowser","id":"Test Cases/Web/Lib/Indice/CloseBrowser","source":"C:\\\\Users\\\\Agato\\\\git\\\\Circutor\\\\Circutor\\\\Test Cases\\\\Web\\\\Lib\\\\Indice\\\\CloseBrowser.tc","message":"Test Cases/Web/Lib/Indice/CloseBrowser","description":"","startTime":1536074131004,"endTime":1536074131530,"childRecords":[{"testStatus":{"stackTrace":"","statusValue":"INFO"},"type":"MESSAGE","name":"","message":"Evaluating variables for test case","startTime":1536074131009,"endTime":0,"childRecords":[],"interuppted":false},{"index":1,"isIgnoredIfFailed":false,"type":"TEST_STEP","name":"closeBrowser","message":"Browser is closed","description":"","startTime":1536074131011,"endTime":1536074131528,"childRecords":[{"testStatus":{"stackTrace":"","statusValue":"PASSED"},"type":"MESSAGE","name":"","message":"Browser is closed","startTime":1536074131526,"endTime":0,"childRecords":[],"interuppted":false}],"interuppted":false},{"testStatus":{"stackTrace":"","statusValue":"PASSED"},"type":"MESSAGE","name":"","message":"Test Cases/Web/Lib/Indice/CloseBrowser","startTime":1536074131529,"endTime":0,"childRecords":[],"interuppted":false}],"interuppted":false},{"testStatus":{"stackTrace":"","statusValue":"PASSED"},"type":"MESSAGE","name":"","message":"Call Test Case \u0027Test Cases/Web/Lib/Indice/CloseBrowser\u0027 successfully","startTime":1536074131531,"endTime":0,"childRecords":[],"interuppted":false}],"interuppted":false}],"interuppted":false},{"testStatus":{"stackTrace":"","statusValue":"FAILED"},"type":"MESSAGE","name":"","message":"Test Cases/Web/Lib/Indice/OpenBrowser FAILED because (of) Unable to open browser with url: \u0027\u0027 (Root cause: org.openqa.selenium.SessionNotCreatedException: Unexpected error launching Internet Explorer. Browser zoom level was set to 125%. It should be set to 100%\nBuild info: version: \u00273.7.1\u0027, revision: \u00278a0099a\u0027, time: \u00272017-11-06T21:07:36.161Z\u0027\nSystem info: host: \u0027PC251\u0027, ip: \u0027172.20.13.209\u0027, os.name: \u0027Windows 10\u0027, os.arch: \u0027amd64\u0027, os.version: \u002710.0\u0027, java.version: \u00271.8.0_102\u0027\nDriver info: driver.version: CInternetExplorerDriver\nremote stacktrace: )","startTime":1536074131536,"endTime":0,"childRecords":[],"interuppted":false}],"interuppted":false},{"testStatus":{"stackTrace":"","statusValue":"FAILED"},"type":"MESSAGE","name":"","message":"Unable to call Test Case with id \u0027Test Cases/Web/Lib/Indice/OpenBrowser\u0027 (Root cause: Call Test Case \u0027Test Cases/Web/Lib/Indice/OpenBrowser\u0027 failed)","startTime":1536074131538,"endTime":0,"childRecords":[],"interuppted":false}],"interuppted":false},{"testStatus":{"stackTrace":"","statusValue":"FAILED"},"type":"MESSAGE","name":"","message":"Test Cases/Web/TC/TC_NewUser FAILED because (of) Unable to open browser with url: \u0027\u0027 (Root cause: org.openqa.selenium.SessionNotCreatedException: Unexpected error launching Internet Explorer. Browser zoom level was set to 125%. It should be set to 100%\nBuild info: version: \u00273.7.1\u0027, revision: \u00278a0099a\u0027, time: \u00272017-11-06T21:07:36.161Z\u0027\nSystem info: host: \u0027PC251\u0027, ip: \u0027172.20.13.209\u0027, os.name: \u0027Windows 10\u0027, os.arch: \u0027amd64\u0027, os.version: \u002710.0\u0027, java.version: \u00271.8.0_102\u0027\nDriver info: driver.version: CInternetExplorerDriver\nremote stacktrace: )","startTime":1536074131540,"endTime":0,"childRecords":[],"interuppted":false}],"interuppted":false}],"interuppted":false}