{"devicePlatform":"","logFolder":"C:\\Users\\Agato\\git\\Circutor\\Circutor\\Reports\\New Test Suite\\20180906_081358","runData":{"hostName":"Agato - 172.20.13.209","hostAddress":"172.20.13.209","os":"Windows 10 64bit","katalonVersion":"5.6.3.1"},"type":"TEST_SUITE","name":"New Test Suite","id":"Test Suites/New Test Suite","source":"","message":"Test Cases/Rest/TC/ServiciosRest FAILED because (of) groovy.lang.MissingMethodException: No signature of method: static com.kms.katalon.core.webservice.keyword.WSBuiltInKeywords.verifyResponseStatusCode() is applicable for argument types: (com.kms.katalon.core.testobject.RequestObject, java.lang.Integer) values: [TestObject - \u0027Object Repository/Rest/GetCountry\u0027, 200]\nPossible solutions: verifyResponseStatusCode(com.kms.katalon.core.testobject.ResponseObject, int), verifyResponseStatusCode(com.kms.katalon.core.testobject.ResponseObject, int, com.kms.katalon.core.model.FailureHandling)","description":"","startTime":1536214439978,"endTime":1536214441467,"childRecords":[{"isOptional":false,"type":"TEST_CASE","name":"Test Cases/Rest/TC/ServiciosRest","id":"Test Cases/Rest/TC/ServiciosRest","source":"C:\\\\Users\\\\Agato\\\\git\\\\Circutor\\\\Circutor\\\\Test Cases\\\\Rest\\\\TC\\\\ServiciosRest.tc","message":"Test Cases/Rest/TC/ServiciosRest FAILED because (of) groovy.lang.MissingMethodException: No signature of method: static com.kms.katalon.core.webservice.keyword.WSBuiltInKeywords.verifyResponseStatusCode() is applicable for argument types: (com.kms.katalon.core.testobject.RequestObject, java.lang.Integer) values: [TestObject - \u0027Object Repository/Rest/GetCountry\u0027, 200]\nPossible solutions: verifyResponseStatusCode(com.kms.katalon.core.testobject.ResponseObject, int), verifyResponseStatusCode(com.kms.katalon.core.testobject.ResponseObject, int, com.kms.katalon.core.model.FailureHandling)","description":"","startTime":1536214440289,"endTime":1536214441434,"childRecords":[{"testStatus":{"stackTrace":"","statusValue":"INFO"},"type":"MESSAGE","name":"","message":"Evaluating variables for test case","startTime":1536214440318,"endTime":0,"childRecords":[],"interuppted":false},{"index":1,"isIgnoredIfFailed":false,"type":"TEST_STEP","name":"sendRequest","message":"Send request successfully","description":"","startTime":1536214440545,"endTime":1536214441345,"childRecords":[{"testStatus":{"stackTrace":"","statusValue":"PASSED"},"type":"MESSAGE","name":"","message":"Send request successfully","startTime":1536214441344,"endTime":0,"childRecords":[],"interuppted":false}],"interuppted":false},{"index":2,"isIgnoredIfFailed":false,"type":"TEST_STEP","name":"verifyResponseStatusCode","message":"Finding Test Object with id \u0027Object Repository/Rest/GetCountry\u0027","description":"","startTime":1536214441347,"endTime":1536214441365,"childRecords":[],"interuppted":false},{"testStatus":{"stackTrace":"","statusValue":"ERROR"},"type":"MESSAGE","name":"","message":"Test Cases/Rest/TC/ServiciosRest FAILED because (of) groovy.lang.MissingMethodException: No signature of method: static com.kms.katalon.core.webservice.keyword.WSBuiltInKeywords.verifyResponseStatusCode() is applicable for argument types: (com.kms.katalon.core.testobject.RequestObject, java.lang.Integer) values: [TestObject - \u0027Object Repository/Rest/GetCountry\u0027, 200]\nPossible solutions: verifyResponseStatusCode(com.kms.katalon.core.testobject.ResponseObject, int), verifyResponseStatusCode(com.kms.katalon.core.testobject.ResponseObject, int, com.kms.katalon.core.model.FailureHandling)","startTime":1536214441409,"endTime":0,"childRecords":[],"interuppted":false}],"interuppted":false}],"interuppted":false}