<?xml version="1.0" encoding="UTF-8"?>
<testsuites name="TS_Regression" time="57" tests="2" failures="1" errors="0">
   <testsuite name="TS_Regression" tests="2" failures="1" errors="0" time="57" timestamp="2018-09-04 15:34:31" hostname="Agato - 172.20.13.209" id="Test Suites/TS_Regression">
      <properties>
         <property name="deviceName" value=""/>
         <property name="devicePlatform" value=""/>
         <property name="logFolder" value="C:\\Users\\Agato\\git\\Circutor\\Circutor\\Reports\\TS_Regression\\20180904_153430"/>
         <property name="logFiles" value="C:\\Users\\Agato\\git\\Circutor\\Circutor\\Reports\\TS_Regression\\20180904_153430\\execution0.log"/>
         <property name="attachments" value="C:\\Users\\Agato\\git\\Circutor\\Circutor\\Reports\\TS_Regression\\20180904_153430\\1536068128071.png"/>
         <property name="hostName" value="Agato - 172.20.13.209"/>
         <property name="os" value="Windows 10 64bit"/>
         <property name="katalonVersion" value="5.6.3.1"/>
         <property name="browser" value="Chrome 68.0.3440.106"/>
         <property name="hostAddress" value="172.20.13.209"/>
         <property name="sessionId" value="5de4b1b9e043252a080c803ac6d7fffa"/>
         <property name="seleniumVersion" value="3.7.1"/>
         <property name="proxyInformation" value="ProxyInformation{proxyOption=NO_PROXY, proxyServerType=HTTP, password=, proxyServerAddress=, proxyServerPort=0}"/>
         <property name="platform" value="Windows 10"/>
      </properties>
      <testcase name="Test Cases/TC/TC_Home" classname="Test Cases/TC/TC_Home" status="PASSED">
         <system-out><![CDATA[2018-09-04 15:34:31 - [TEST_CASE][PASSED] - Test Cases/TC/TC_Home: Test Cases/TC/TC_Home

2018-09-04 15:34:32 - [TEST_STEP][PASSED] - callTestCase: Call Test Case 'Test Cases/Lib/Indice/OpenBrowser' successfully

2018-09-04 15:34:32 - [TEST_CASE][PASSED] - Test Cases/Lib/Indice/OpenBrowser: Test Cases/Lib/Indice/OpenBrowser

2018-09-04 15:34:32 - [TEST_STEP][PASSED] - openBrowser: Browser is opened with url: ''

2018-09-04 15:34:35 - [MESSAGE][PASSED] - Browser is opened with url: ''

2018-09-04 15:34:35 - [TEST_STEP][PASSED] - navigateToUrl: Navigate to 'http://192.168.2.121/init/index-en.html' successfully

2018-09-04 15:34:36 - [MESSAGE][PASSED] - Navigate to 'http://192.168.2.121/init/index-en.html' successfully

2018-09-04 15:34:36 - [TEST_STEP][PASSED] - click: Object: 'Object Repository/Index/Page_MYeBOX Cloud/a_I agree' is clicked on

2018-09-04 15:34:36 - [MESSAGE][PASSED] - Object: 'Object Repository/Index/Page_MYeBOX Cloud/a_I agree' is clicked on

2018-09-04 15:34:36 - [TEST_STEP][PASSED] - click: Object: 'Object Repository/Index/Page_MYeBOX Cloud/a_MYeBOXCloud' is clicked on

2018-09-04 15:34:37 - [MESSAGE][PASSED] - Object: 'Object Repository/Index/Page_MYeBOX Cloud/a_MYeBOXCloud' is clicked on

2018-09-04 15:34:37 - [MESSAGE][PASSED] - Call Test Case 'Test Cases/Lib/Indice/OpenBrowser' successfully

2018-09-04 15:34:37 - [TEST_STEP][PASSED] - callTestCase: Call Test Case 'Test Cases/Lib/Login/Login' successfully

2018-09-04 15:34:37 - [TEST_CASE][PASSED] - Test Cases/Lib/Login/Login: Test Cases/Lib/Login/Login

2018-09-04 15:34:37 - [TEST_STEP][PASSED] - setText: Text 'agato@opentrends.net' is set on object 'Object Repository/Home/Page_MyCircutor/input_email'

2018-09-04 15:34:37 - [MESSAGE][PASSED] - Text 'agato@opentrends.net' is set on object 'Object Repository/Home/Page_MyCircutor/input_email'

2018-09-04 15:34:37 - [TEST_STEP][PASSED] - setEncryptedText: Text ****** has been set on object 'Object Repository/Home/Page_MyCircutor/input_password'

2018-09-04 15:34:38 - [MESSAGE][PASSED] - Text ****** has been set on object 'Object Repository/Home/Page_MyCircutor/input_password'

2018-09-04 15:34:38 - [TEST_STEP][PASSED] - click: Object: 'Object Repository/Home/Page_MyCircutor/button_Login' is clicked on

2018-09-04 15:34:38 - [MESSAGE][PASSED] - Object: 'Object Repository/Home/Page_MyCircutor/button_Login' is clicked on

2018-09-04 15:34:38 - [MESSAGE][PASSED] - Call Test Case 'Test Cases/Lib/Login/Login' successfully

2018-09-04 15:34:38 - [TEST_STEP][PASSED] - callTestCase: Call Test Case 'Test Cases/Lib/Home/Home-Audit' successfully

2018-09-04 15:34:38 - [TEST_CASE][PASSED] - Test Cases/Lib/Home/Home-Audit: Test Cases/Lib/Home/Home-Audit

2018-09-04 15:34:38 - [TEST_STEP][PASSED] - click: Object: 'Object Repository/Home/Page_MyCircutor/a_Users' is clicked on

2018-09-04 15:34:38 - [MESSAGE][PASSED] - Object: 'Object Repository/Home/Page_MyCircutor/a_Users' is clicked on

2018-09-04 15:34:38 - [TEST_STEP][PASSED] - click: Object: 'Object Repository/Home/Page_MyCircutor/a_MYeBOXs' is clicked on

2018-09-04 15:34:38 - [MESSAGE][PASSED] - Object: 'Object Repository/Home/Page_MyCircutor/a_MYeBOXs' is clicked on

2018-09-04 15:34:38 - [TEST_STEP][PASSED] - click: Object: 'Object Repository/Home/Page_MyCircutor/a_Generated files' is clicked on

2018-09-04 15:34:39 - [MESSAGE][PASSED] - Object: 'Object Repository/Home/Page_MyCircutor/a_Generated files' is clicked on

2018-09-04 15:34:39 - [TEST_STEP][PASSED] - click: Object: 'Object Repository/Home/Page_MyCircutor/a_Firmwares' is clicked on

2018-09-04 15:34:39 - [MESSAGE][PASSED] - Object: 'Object Repository/Home/Page_MyCircutor/a_Firmwares' is clicked on

2018-09-04 15:34:39 - [TEST_STEP][PASSED] - click: Object: 'Object Repository/Home/Page_MyCircutor/a_Audit' is clicked on

2018-09-04 15:34:39 - [MESSAGE][PASSED] - Object: 'Object Repository/Home/Page_MyCircutor/a_Audit' is clicked on

2018-09-04 15:34:39 - [MESSAGE][PASSED] - Call Test Case 'Test Cases/Lib/Home/Home-Audit' successfully

2018-09-04 15:34:39 - [TEST_STEP][PASSED] - callTestCase: Call Test Case 'Test Cases/Lib/Home/Home-Firmwares' successfully

2018-09-04 15:34:39 - [TEST_CASE][PASSED] - Test Cases/Lib/Home/Home-Firmwares: Test Cases/Lib/Home/Home-Firmwares

2018-09-04 15:34:39 - [TEST_STEP][PASSED] - click: Object: 'Object Repository/Home/Page_MyCircutor/a_Firmwares' is clicked on

2018-09-04 15:34:39 - [MESSAGE][PASSED] - Object: 'Object Repository/Home/Page_MyCircutor/a_Firmwares' is clicked on

2018-09-04 15:34:39 - [MESSAGE][PASSED] - Call Test Case 'Test Cases/Lib/Home/Home-Firmwares' successfully

2018-09-04 15:34:39 - [TEST_STEP][PASSED] - callTestCase: Call Test Case 'Test Cases/Lib/Home/Home-GeneratedFiles' successfully

2018-09-04 15:34:39 - [TEST_CASE][PASSED] - Test Cases/Lib/Home/Home-GeneratedFiles: Test Cases/Lib/Home/Home-GeneratedFiles

2018-09-04 15:34:39 - [TEST_STEP][PASSED] - click: Object: 'Object Repository/Home/Page_MyCircutor/a_Generated files' is clicked on

2018-09-04 15:34:39 - [MESSAGE][PASSED] - Object: 'Object Repository/Home/Page_MyCircutor/a_Generated files' is clicked on

2018-09-04 15:34:39 - [MESSAGE][PASSED] - Call Test Case 'Test Cases/Lib/Home/Home-GeneratedFiles' successfully

2018-09-04 15:34:39 - [TEST_STEP][PASSED] - callTestCase: Call Test Case 'Test Cases/Lib/Home/Home-MYeBOx' successfully

2018-09-04 15:34:39 - [TEST_CASE][PASSED] - Test Cases/Lib/Home/Home-MYeBOx: Test Cases/Lib/Home/Home-MYeBOx

2018-09-04 15:34:40 - [TEST_STEP][PASSED] - click: Object: 'Object Repository/Home/Page_MyCircutor/a_MYeBOXs' is clicked on

2018-09-04 15:34:40 - [MESSAGE][PASSED] - Object: 'Object Repository/Home/Page_MyCircutor/a_MYeBOXs' is clicked on

2018-09-04 15:34:40 - [MESSAGE][PASSED] - Call Test Case 'Test Cases/Lib/Home/Home-MYeBOx' successfully

2018-09-04 15:34:40 - [TEST_STEP][PASSED] - callTestCase: Call Test Case 'Test Cases/Lib/Home/Home-Users' successfully

2018-09-04 15:34:40 - [TEST_CASE][PASSED] - Test Cases/Lib/Home/Home-Users: Test Cases/Lib/Home/Home-Users

2018-09-04 15:34:40 - [TEST_STEP][PASSED] - click: Object: 'Object Repository/Home/Page_MyCircutor/a_Audit' is clicked on

2018-09-04 15:34:40 - [MESSAGE][PASSED] - Object: 'Object Repository/Home/Page_MyCircutor/a_Audit' is clicked on

2018-09-04 15:34:40 - [MESSAGE][PASSED] - Call Test Case 'Test Cases/Lib/Home/Home-Users' successfully

2018-09-04 15:34:40 - [TEST_STEP][PASSED] - callTestCase: Call Test Case 'Test Cases/Lib/Indice/CloseBrowser' successfully

2018-09-04 15:34:40 - [TEST_CASE][PASSED] - Test Cases/Lib/Indice/CloseBrowser: Test Cases/Lib/Indice/CloseBrowser

2018-09-04 15:34:40 - [TEST_STEP][PASSED] - Statement - return null: null

2018-09-04 15:34:40 - [MESSAGE][PASSED] - Call Test Case 'Test Cases/Lib/Indice/CloseBrowser' successfully]]></system-out>
         <system-err><![CDATA[]]></system-err>
      </testcase>
      <testcase name="Test Cases/TC/TC_Login" classname="Test Cases/TC/TC_Login" status="PASSED">
         <system-out><![CDATA[2018-09-04 15:34:40 - [TEST_CASE][PASSED] - Test Cases/TC/TC_Login: Test Cases/TC/TC_Login

2018-09-04 15:34:40 - [TEST_STEP][PASSED] - callTestCase: Call Test Case 'Test Cases/Lib/Indice/OpenBrowser' successfully

2018-09-04 15:34:40 - [TEST_CASE][PASSED] - Test Cases/Lib/Indice/OpenBrowser: Test Cases/Lib/Indice/OpenBrowser

2018-09-04 15:34:40 - [TEST_STEP][PASSED] - openBrowser: Browser is opened with url: ''

2018-09-04 15:34:40 - [MESSAGE][WARNING] - A browser is already opened. Closing browser and opening a new one

2018-09-04 15:34:43 - [MESSAGE][PASSED] - Browser is opened with url: ''

2018-09-04 15:34:43 - [TEST_STEP][PASSED] - navigateToUrl: Navigate to 'http://192.168.2.121/init/index-en.html' successfully

2018-09-04 15:34:45 - [MESSAGE][PASSED] - Navigate to 'http://192.168.2.121/init/index-en.html' successfully

2018-09-04 15:34:45 - [TEST_STEP][PASSED] - click: Object: 'Object Repository/Index/Page_MYeBOX Cloud/a_I agree' is clicked on

2018-09-04 15:34:45 - [MESSAGE][PASSED] - Object: 'Object Repository/Index/Page_MYeBOX Cloud/a_I agree' is clicked on

2018-09-04 15:34:45 - [TEST_STEP][PASSED] - click: Object: 'Object Repository/Index/Page_MYeBOX Cloud/a_MYeBOXCloud' is clicked on

2018-09-04 15:34:45 - [MESSAGE][PASSED] - Object: 'Object Repository/Index/Page_MYeBOX Cloud/a_MYeBOXCloud' is clicked on

2018-09-04 15:34:45 - [MESSAGE][PASSED] - Call Test Case 'Test Cases/Lib/Indice/OpenBrowser' successfully

2018-09-04 15:34:45 - [TEST_STEP][PASSED] - callTestCase: Call Test Case 'Test Cases/Lib/Login/Login' successfully

2018-09-04 15:34:46 - [TEST_CASE][PASSED] - Test Cases/Lib/Login/Login: Test Cases/Lib/Login/Login

2018-09-04 15:34:46 - [TEST_STEP][PASSED] - setText: Text 'agato@opentrends.net' is set on object 'Object Repository/Home/Page_MyCircutor/input_email'

2018-09-04 15:34:46 - [MESSAGE][PASSED] - Text 'agato@opentrends.net' is set on object 'Object Repository/Home/Page_MyCircutor/input_email'

2018-09-04 15:34:46 - [TEST_STEP][PASSED] - setEncryptedText: Text ****** has been set on object 'Object Repository/Home/Page_MyCircutor/input_password'

2018-09-04 15:34:46 - [MESSAGE][PASSED] - Text ****** has been set on object 'Object Repository/Home/Page_MyCircutor/input_password'

2018-09-04 15:34:46 - [TEST_STEP][PASSED] - click: Object: 'Object Repository/Home/Page_MyCircutor/button_Login' is clicked on

2018-09-04 15:34:46 - [MESSAGE][PASSED] - Object: 'Object Repository/Home/Page_MyCircutor/button_Login' is clicked on

2018-09-04 15:34:46 - [MESSAGE][PASSED] - Call Test Case 'Test Cases/Lib/Login/Login' successfully

2018-09-04 15:34:46 - [TEST_STEP][PASSED] - callTestCase: Call Test Case 'Test Cases/Lib/Indice/CloseBrowser' successfully

2018-09-04 15:34:46 - [TEST_CASE][PASSED] - Test Cases/Lib/Indice/CloseBrowser: Test Cases/Lib/Indice/CloseBrowser

2018-09-04 15:34:46 - [TEST_STEP][PASSED] - Statement - return null: null

2018-09-04 15:34:46 - [MESSAGE][PASSED] - Call Test Case 'Test Cases/Lib/Indice/CloseBrowser' successfully]]></system-out>
         <system-err><![CDATA[]]></system-err>
      </testcase>
      <testcase name="Test Cases/TC/TC_NewUser" classname="Test Cases/TC/TC_NewUser" status="FAILED">
         <failure type="FAILED" message="Unable to click on object 'Object Repository/NewUser/Page_MyCircutor/div_Company name' (Root cause: com.kms.katalon.core.webui.exception.WebElementNotFoundException: Web element with id: 'Object Repository/NewUser/Page_MyCircutor/div_Company name' located by 'By.xpath: //div[(text() = '
                    Company name*
                    
                  ' or . = '
                    Company name*
                    
                  ')]' not found)"/>
         <system-out><![CDATA[2018-09-04 15:34:46 - [TEST_CASE][FAILED] - Test Cases/TC/TC_NewUser: Test Cases/TC/TC_NewUser FAILED because (of) Unable to click on object 'Object Repository/NewUser/Page_MyCircutor/div_Company name' (Root cause: com.kms.katalon.core.webui.exception.WebElementNotFoundException: Web element with id: 'Object Repository/NewUser/Page_MyCircutor/div_Company name' located by 'By.xpath: //div[(text() = '
                    Company name*
                    
                  ' or . = '
                    Company name*
                    
                  ')]' not found)

2018-09-04 15:34:46 - [TEST_STEP][PASSED] - callTestCase: Call Test Case 'Test Cases/Lib/Indice/OpenBrowser' successfully

2018-09-04 15:34:46 - [TEST_CASE][PASSED] - Test Cases/Lib/Indice/OpenBrowser: Test Cases/Lib/Indice/OpenBrowser

2018-09-04 15:34:46 - [TEST_STEP][PASSED] - openBrowser: Browser is opened with url: ''

2018-09-04 15:34:46 - [MESSAGE][WARNING] - A browser is already opened. Closing browser and opening a new one

2018-09-04 15:34:49 - [MESSAGE][PASSED] - Browser is opened with url: ''

2018-09-04 15:34:49 - [TEST_STEP][PASSED] - navigateToUrl: Navigate to 'http://192.168.2.121/init/index-en.html' successfully

2018-09-04 15:34:50 - [MESSAGE][PASSED] - Navigate to 'http://192.168.2.121/init/index-en.html' successfully

2018-09-04 15:34:50 - [TEST_STEP][PASSED] - click: Object: 'Object Repository/Index/Page_MYeBOX Cloud/a_I agree' is clicked on

2018-09-04 15:34:50 - [MESSAGE][PASSED] - Object: 'Object Repository/Index/Page_MYeBOX Cloud/a_I agree' is clicked on

2018-09-04 15:34:50 - [TEST_STEP][PASSED] - click: Object: 'Object Repository/Index/Page_MYeBOX Cloud/a_MYeBOXCloud' is clicked on

2018-09-04 15:34:51 - [MESSAGE][PASSED] - Object: 'Object Repository/Index/Page_MYeBOX Cloud/a_MYeBOXCloud' is clicked on

2018-09-04 15:34:51 - [MESSAGE][PASSED] - Call Test Case 'Test Cases/Lib/Indice/OpenBrowser' successfully

2018-09-04 15:34:51 - [TEST_STEP][PASSED] - callTestCase: Call Test Case 'Test Cases/Lib/Indice/OpenBrowser' successfully

2018-09-04 15:34:51 - [TEST_CASE][PASSED] - Test Cases/Lib/Indice/OpenBrowser: Test Cases/Lib/Indice/OpenBrowser

2018-09-04 15:34:51 - [TEST_STEP][PASSED] - openBrowser: Browser is opened with url: ''

2018-09-04 15:34:51 - [MESSAGE][WARNING] - A browser is already opened. Closing browser and opening a new one

2018-09-04 15:34:53 - [MESSAGE][PASSED] - Browser is opened with url: ''

2018-09-04 15:34:53 - [TEST_STEP][PASSED] - navigateToUrl: Navigate to 'http://192.168.2.121/init/index-en.html' successfully

2018-09-04 15:34:54 - [MESSAGE][PASSED] - Navigate to 'http://192.168.2.121/init/index-en.html' successfully

2018-09-04 15:34:54 - [TEST_STEP][PASSED] - click: Object: 'Object Repository/Index/Page_MYeBOX Cloud/a_I agree' is clicked on

2018-09-04 15:34:54 - [MESSAGE][PASSED] - Object: 'Object Repository/Index/Page_MYeBOX Cloud/a_I agree' is clicked on

2018-09-04 15:34:54 - [TEST_STEP][PASSED] - click: Object: 'Object Repository/Index/Page_MYeBOX Cloud/a_MYeBOXCloud' is clicked on

2018-09-04 15:34:55 - [MESSAGE][PASSED] - Object: 'Object Repository/Index/Page_MYeBOX Cloud/a_MYeBOXCloud' is clicked on

2018-09-04 15:34:55 - [MESSAGE][PASSED] - Call Test Case 'Test Cases/Lib/Indice/OpenBrowser' successfully

2018-09-04 15:34:55 - [TEST_STEP][FAILED] - callTestCase: Unable to call Test Case with id 'Test Cases/Lib/Login/NewUser' (Root cause: Call Test Case 'Test Cases/Lib/Login/NewUser' failed)

2018-09-04 15:34:55 - [TEST_CASE][FAILED] - Test Cases/Lib/Login/NewUser: Test Cases/Lib/Login/NewUser FAILED because (of) Unable to click on object 'Object Repository/NewUser/Page_MyCircutor/div_Company name' (Root cause: com.kms.katalon.core.webui.exception.WebElementNotFoundException: Web element with id: 'Object Repository/NewUser/Page_MyCircutor/div_Company name' located by 'By.xpath: //div[(text() = '
                    Company name*
                    
                  ' or . = '
                    Company name*
                    
                  ')]' not found)

2018-09-04 15:34:56 - [TEST_STEP][FAILED] - click: Unable to click on object 'Object Repository/NewUser/Page_MyCircutor/div_Company name' (Root cause: com.kms.katalon.core.webui.exception.WebElementNotFoundException: Web element with id: 'Object Repository/NewUser/Page_MyCircutor/div_Company name' located by 'By.xpath: //div[(text() = '
                    Company name*
                    
                  ' or . = '
                    Company name*
                    
                  ')]' not found)

2018-09-04 15:35:28 - [MESSAGE][FAILED] - Unable to click on object 'Object Repository/NewUser/Page_MyCircutor/div_Company name' (Root cause: com.kms.katalon.core.webui.exception.WebElementNotFoundException: Web element with id: 'Object Repository/NewUser/Page_MyCircutor/div_Company name' located by 'By.xpath: //div[(text() = '
                    Company name*
                    
                  ' or . = '
                    Company name*
                    
                  ')]' not found)
[[ATTACHMENT|C:\\Users\\Agato\\git\\Circutor\\Circutor\\Reports\\TS_Regression\\20180904_153430\\1536068128071.png]]

2018-09-04 15:35:28 - [MESSAGE][FAILED] - Unable to call Test Case with id 'Test Cases/Lib/Login/NewUser' (Root cause: Call Test Case 'Test Cases/Lib/Login/NewUser' failed)]]></system-out>
         <system-err><![CDATA[2018-09-04 15:34:46 - [TEST_CASE][FAILED] - Test Cases/TC/TC_NewUser: Test Cases/TC/TC_NewUser FAILED because (of) Unable to click on object 'Object Repository/NewUser/Page_MyCircutor/div_Company name' (Root cause: com.kms.katalon.core.webui.exception.WebElementNotFoundException: Web element with id: 'Object Repository/NewUser/Page_MyCircutor/div_Company name' located by 'By.xpath: //div[(text() = '
                    Company name*
                    
                  ' or . = '
                    Company name*
                    
                  ')]' not found)]]></system-err>
      </testcase>
      <system-out><![CDATA[2018-09-04 15:34:31 - [TEST_SUITE][FAILED] - TS_Regression: Test Cases/TC/TC_NewUser FAILED because (of) Unable to click on object 'Object Repository/NewUser/Page_MyCircutor/div_Company name' (Root cause: com.kms.katalon.core.webui.exception.WebElementNotFoundException: Web element with id: 'Object Repository/NewUser/Page_MyCircutor/div_Company name' located by 'By.xpath: //div[(text() = '
                    Company name*
                    
                  ' or . = '
                    Company name*
                    
                  ')]' not found)]]></system-out>
      <system-err><![CDATA[2018-09-04 15:34:31 - [TEST_SUITE][FAILED] - TS_Regression: Test Cases/TC/TC_NewUser FAILED because (of) Unable to click on object 'Object Repository/NewUser/Page_MyCircutor/div_Company name' (Root cause: com.kms.katalon.core.webui.exception.WebElementNotFoundException: Web element with id: 'Object Repository/NewUser/Page_MyCircutor/div_Company name' located by 'By.xpath: //div[(text() = '
                    Company name*
                    
                  ' or . = '
                    Company name*
                    
                  ')]' not found)]]></system-err>
   </testsuite>
</testsuites>
