<?xml version="1.0" encoding="UTF-8"?>
<testsuites name="TS_Regression" time="22" tests="2" failures="1" errors="0">
   <testsuite name="TS_Regression" tests="2" failures="1" errors="0" time="22" timestamp="2018-09-04 15:41:49" hostname="Agato - 172.20.13.209" id="Test Suites/TS_Regression">
      <properties>
         <property name="deviceName" value=""/>
         <property name="devicePlatform" value=""/>
         <property name="logFolder" value="C:\\Users\\Agato\\git\\Circutor\\Circutor\\Reports\\TS_Regression\\20180904_154148"/>
         <property name="logFiles" value="C:\\Users\\Agato\\git\\Circutor\\Circutor\\Reports\\TS_Regression\\20180904_154148\\execution0.log"/>
         <property name="attachments" value="C:\\Users\\Agato\\git\\Circutor\\Circutor\\Reports\\TS_Regression\\20180904_154148\\1536068531350.png"/>
         <property name="hostName" value="Agato - 172.20.13.209"/>
         <property name="os" value="Windows 10 64bit"/>
         <property name="katalonVersion" value="5.6.3.1"/>
         <property name="browser" value="Chrome 68.0.3440.106"/>
         <property name="hostAddress" value="172.20.13.209"/>
         <property name="sessionId" value="9c5d85883ba98725ec728af73fdb46fa"/>
         <property name="seleniumVersion" value="3.7.1"/>
         <property name="proxyInformation" value="ProxyInformation{proxyOption=NO_PROXY, proxyServerType=HTTP, password=, proxyServerAddress=, proxyServerPort=0}"/>
         <property name="platform" value="Windows 10"/>
      </properties>
      <testcase name="Test Cases/TC/TC_Home" classname="Test Cases/TC/TC_Home" status="PASSED">
         <system-out><![CDATA[2018-09-04 15:41:50 - [TEST_CASE][PASSED] - Test Cases/TC/TC_Home: Test Cases/TC/TC_Home

2018-09-04 15:41:51 - [TEST_STEP][PASSED] - callTestCase: Call Test Case 'Test Cases/Lib/Indice/OpenBrowser' successfully

2018-09-04 15:41:51 - [TEST_CASE][PASSED] - Test Cases/Lib/Indice/OpenBrowser: Test Cases/Lib/Indice/OpenBrowser

2018-09-04 15:41:51 - [TEST_STEP][PASSED] - openBrowser: Browser is opened with url: ''

2018-09-04 15:41:54 - [MESSAGE][PASSED] - Browser is opened with url: ''

2018-09-04 15:41:54 - [TEST_STEP][PASSED] - navigateToUrl: Navigate to 'http://192.168.2.121/init/index-en.html' successfully

2018-09-04 15:41:55 - [MESSAGE][PASSED] - Navigate to 'http://192.168.2.121/init/index-en.html' successfully

2018-09-04 15:41:55 - [TEST_STEP][PASSED] - click: Object: 'Object Repository/Index/Page_MYeBOX Cloud/a_I agree' is clicked on

2018-09-04 15:41:55 - [MESSAGE][PASSED] - Object: 'Object Repository/Index/Page_MYeBOX Cloud/a_I agree' is clicked on

2018-09-04 15:41:55 - [TEST_STEP][PASSED] - click: Object: 'Object Repository/Index/Page_MYeBOX Cloud/a_MYeBOXCloud' is clicked on

2018-09-04 15:41:56 - [MESSAGE][PASSED] - Object: 'Object Repository/Index/Page_MYeBOX Cloud/a_MYeBOXCloud' is clicked on

2018-09-04 15:41:56 - [MESSAGE][PASSED] - Call Test Case 'Test Cases/Lib/Indice/OpenBrowser' successfully

2018-09-04 15:41:56 - [TEST_STEP][PASSED] - callTestCase: Call Test Case 'Test Cases/Lib/Login/Login' successfully

2018-09-04 15:41:56 - [TEST_CASE][PASSED] - Test Cases/Lib/Login/Login: Test Cases/Lib/Login/Login

2018-09-04 15:41:56 - [TEST_STEP][PASSED] - setText: Text 'agato@opentrends.net' is set on object 'Object Repository/Home/Page_MyCircutor/input_email'

2018-09-04 15:41:56 - [MESSAGE][PASSED] - Text 'agato@opentrends.net' is set on object 'Object Repository/Home/Page_MyCircutor/input_email'

2018-09-04 15:41:56 - [TEST_STEP][PASSED] - setEncryptedText: Text ****** has been set on object 'Object Repository/Home/Page_MyCircutor/input_password'

2018-09-04 15:41:56 - [MESSAGE][PASSED] - Text ****** has been set on object 'Object Repository/Home/Page_MyCircutor/input_password'

2018-09-04 15:41:56 - [TEST_STEP][PASSED] - click: Object: 'Object Repository/Home/Page_MyCircutor/button_Login' is clicked on

2018-09-04 15:41:56 - [MESSAGE][PASSED] - Object: 'Object Repository/Home/Page_MyCircutor/button_Login' is clicked on

2018-09-04 15:41:56 - [MESSAGE][PASSED] - Call Test Case 'Test Cases/Lib/Login/Login' successfully

2018-09-04 15:41:56 - [TEST_STEP][PASSED] - callTestCase: Call Test Case 'Test Cases/Lib/Home/Home-Audit' successfully

2018-09-04 15:41:56 - [TEST_CASE][PASSED] - Test Cases/Lib/Home/Home-Audit: Test Cases/Lib/Home/Home-Audit

2018-09-04 15:41:57 - [TEST_STEP][PASSED] - click: Object: 'Object Repository/Home/Page_MyCircutor/a_Users' is clicked on

2018-09-04 15:41:57 - [MESSAGE][PASSED] - Object: 'Object Repository/Home/Page_MyCircutor/a_Users' is clicked on

2018-09-04 15:41:57 - [TEST_STEP][PASSED] - click: Object: 'Object Repository/Home/Page_MyCircutor/a_MYeBOXs' is clicked on

2018-09-04 15:41:57 - [MESSAGE][PASSED] - Object: 'Object Repository/Home/Page_MyCircutor/a_MYeBOXs' is clicked on

2018-09-04 15:41:57 - [TEST_STEP][PASSED] - click: Object: 'Object Repository/Home/Page_MyCircutor/a_Generated files' is clicked on

2018-09-04 15:41:57 - [MESSAGE][PASSED] - Object: 'Object Repository/Home/Page_MyCircutor/a_Generated files' is clicked on

2018-09-04 15:41:57 - [TEST_STEP][PASSED] - click: Object: 'Object Repository/Home/Page_MyCircutor/a_Firmwares' is clicked on

2018-09-04 15:41:57 - [MESSAGE][PASSED] - Object: 'Object Repository/Home/Page_MyCircutor/a_Firmwares' is clicked on

2018-09-04 15:41:57 - [TEST_STEP][PASSED] - click: Object: 'Object Repository/Home/Page_MyCircutor/a_Audit' is clicked on

2018-09-04 15:41:57 - [MESSAGE][PASSED] - Object: 'Object Repository/Home/Page_MyCircutor/a_Audit' is clicked on

2018-09-04 15:41:57 - [MESSAGE][PASSED] - Call Test Case 'Test Cases/Lib/Home/Home-Audit' successfully

2018-09-04 15:41:57 - [TEST_STEP][PASSED] - callTestCase: Call Test Case 'Test Cases/Lib/Home/Home-Firmwares' successfully

2018-09-04 15:41:57 - [TEST_CASE][PASSED] - Test Cases/Lib/Home/Home-Firmwares: Test Cases/Lib/Home/Home-Firmwares

2018-09-04 15:41:57 - [TEST_STEP][PASSED] - click: Object: 'Object Repository/Home/Page_MyCircutor/a_Firmwares' is clicked on

2018-09-04 15:41:58 - [MESSAGE][PASSED] - Object: 'Object Repository/Home/Page_MyCircutor/a_Firmwares' is clicked on

2018-09-04 15:41:58 - [MESSAGE][PASSED] - Call Test Case 'Test Cases/Lib/Home/Home-Firmwares' successfully

2018-09-04 15:41:58 - [TEST_STEP][PASSED] - callTestCase: Call Test Case 'Test Cases/Lib/Home/Home-GeneratedFiles' successfully

2018-09-04 15:41:58 - [TEST_CASE][PASSED] - Test Cases/Lib/Home/Home-GeneratedFiles: Test Cases/Lib/Home/Home-GeneratedFiles

2018-09-04 15:41:58 - [TEST_STEP][PASSED] - click: Object: 'Object Repository/Home/Page_MyCircutor/a_Generated files' is clicked on

2018-09-04 15:41:58 - [MESSAGE][PASSED] - Object: 'Object Repository/Home/Page_MyCircutor/a_Generated files' is clicked on

2018-09-04 15:41:58 - [MESSAGE][PASSED] - Call Test Case 'Test Cases/Lib/Home/Home-GeneratedFiles' successfully

2018-09-04 15:41:58 - [TEST_STEP][PASSED] - callTestCase: Call Test Case 'Test Cases/Lib/Home/Home-MYeBOx' successfully

2018-09-04 15:41:58 - [TEST_CASE][PASSED] - Test Cases/Lib/Home/Home-MYeBOx: Test Cases/Lib/Home/Home-MYeBOx

2018-09-04 15:41:58 - [TEST_STEP][PASSED] - click: Object: 'Object Repository/Home/Page_MyCircutor/a_MYeBOXs' is clicked on

2018-09-04 15:41:58 - [MESSAGE][PASSED] - Object: 'Object Repository/Home/Page_MyCircutor/a_MYeBOXs' is clicked on

2018-09-04 15:41:58 - [MESSAGE][PASSED] - Call Test Case 'Test Cases/Lib/Home/Home-MYeBOx' successfully

2018-09-04 15:41:58 - [TEST_STEP][PASSED] - callTestCase: Call Test Case 'Test Cases/Lib/Home/Home-Users' successfully

2018-09-04 15:41:58 - [TEST_CASE][PASSED] - Test Cases/Lib/Home/Home-Users: Test Cases/Lib/Home/Home-Users

2018-09-04 15:41:58 - [TEST_STEP][PASSED] - click: Object: 'Object Repository/Home/Page_MyCircutor/a_Audit' is clicked on

2018-09-04 15:41:58 - [MESSAGE][PASSED] - Object: 'Object Repository/Home/Page_MyCircutor/a_Audit' is clicked on

2018-09-04 15:41:58 - [MESSAGE][PASSED] - Call Test Case 'Test Cases/Lib/Home/Home-Users' successfully

2018-09-04 15:41:58 - [TEST_STEP][PASSED] - callTestCase: Call Test Case 'Test Cases/Lib/Indice/CloseBrowser' successfully

2018-09-04 15:41:58 - [TEST_CASE][PASSED] - Test Cases/Lib/Indice/CloseBrowser: Test Cases/Lib/Indice/CloseBrowser

2018-09-04 15:41:58 - [TEST_STEP][PASSED] - Statement - return null: null

2018-09-04 15:41:58 - [MESSAGE][PASSED] - Call Test Case 'Test Cases/Lib/Indice/CloseBrowser' successfully]]></system-out>
         <system-err><![CDATA[]]></system-err>
      </testcase>
      <testcase name="Test Cases/TC/TC_Login" classname="Test Cases/TC/TC_Login" status="PASSED">
         <system-out><![CDATA[2018-09-04 15:41:58 - [TEST_CASE][PASSED] - Test Cases/TC/TC_Login: Test Cases/TC/TC_Login

2018-09-04 15:41:59 - [TEST_STEP][PASSED] - callTestCase: Call Test Case 'Test Cases/Lib/Indice/OpenBrowser' successfully

2018-09-04 15:41:59 - [TEST_CASE][PASSED] - Test Cases/Lib/Indice/OpenBrowser: Test Cases/Lib/Indice/OpenBrowser

2018-09-04 15:41:59 - [TEST_STEP][PASSED] - openBrowser: Browser is opened with url: ''

2018-09-04 15:41:59 - [MESSAGE][WARNING] - A browser is already opened. Closing browser and opening a new one

2018-09-04 15:42:01 - [MESSAGE][PASSED] - Browser is opened with url: ''

2018-09-04 15:42:01 - [TEST_STEP][PASSED] - navigateToUrl: Navigate to 'http://192.168.2.121/init/index-en.html' successfully

2018-09-04 15:42:02 - [MESSAGE][PASSED] - Navigate to 'http://192.168.2.121/init/index-en.html' successfully

2018-09-04 15:42:02 - [TEST_STEP][PASSED] - click: Object: 'Object Repository/Index/Page_MYeBOX Cloud/a_I agree' is clicked on

2018-09-04 15:42:02 - [MESSAGE][PASSED] - Object: 'Object Repository/Index/Page_MYeBOX Cloud/a_I agree' is clicked on

2018-09-04 15:42:02 - [TEST_STEP][PASSED] - click: Object: 'Object Repository/Index/Page_MYeBOX Cloud/a_MYeBOXCloud' is clicked on

2018-09-04 15:42:03 - [MESSAGE][PASSED] - Object: 'Object Repository/Index/Page_MYeBOX Cloud/a_MYeBOXCloud' is clicked on

2018-09-04 15:42:03 - [MESSAGE][PASSED] - Call Test Case 'Test Cases/Lib/Indice/OpenBrowser' successfully

2018-09-04 15:42:03 - [TEST_STEP][PASSED] - callTestCase: Call Test Case 'Test Cases/Lib/Login/Login' successfully

2018-09-04 15:42:03 - [TEST_CASE][PASSED] - Test Cases/Lib/Login/Login: Test Cases/Lib/Login/Login

2018-09-04 15:42:03 - [TEST_STEP][PASSED] - setText: Text 'agato@opentrends.net' is set on object 'Object Repository/Home/Page_MyCircutor/input_email'

2018-09-04 15:42:03 - [MESSAGE][PASSED] - Text 'agato@opentrends.net' is set on object 'Object Repository/Home/Page_MyCircutor/input_email'

2018-09-04 15:42:03 - [TEST_STEP][PASSED] - setEncryptedText: Text ****** has been set on object 'Object Repository/Home/Page_MyCircutor/input_password'

2018-09-04 15:42:03 - [MESSAGE][PASSED] - Text ****** has been set on object 'Object Repository/Home/Page_MyCircutor/input_password'

2018-09-04 15:42:03 - [TEST_STEP][PASSED] - click: Object: 'Object Repository/Home/Page_MyCircutor/button_Login' is clicked on

2018-09-04 15:42:04 - [MESSAGE][PASSED] - Object: 'Object Repository/Home/Page_MyCircutor/button_Login' is clicked on

2018-09-04 15:42:04 - [MESSAGE][PASSED] - Call Test Case 'Test Cases/Lib/Login/Login' successfully

2018-09-04 15:42:04 - [TEST_STEP][PASSED] - callTestCase: Call Test Case 'Test Cases/Lib/Indice/CloseBrowser' successfully

2018-09-04 15:42:04 - [TEST_CASE][PASSED] - Test Cases/Lib/Indice/CloseBrowser: Test Cases/Lib/Indice/CloseBrowser

2018-09-04 15:42:04 - [TEST_STEP][PASSED] - Statement - return null: null

2018-09-04 15:42:04 - [MESSAGE][PASSED] - Call Test Case 'Test Cases/Lib/Indice/CloseBrowser' successfully]]></system-out>
         <system-err><![CDATA[]]></system-err>
      </testcase>
      <testcase name="Test Cases/TC/TC_NewUser" classname="Test Cases/TC/TC_NewUser" status="FAILED">
         <failure type="FAILED" message="Unable to click on object 'Object Repository/Index/Page_MyCircutor/button_CREATE ACCOUNT' (Root cause: org.openqa.selenium.ElementNotVisibleException: element not visible
  (Session info: chrome=68.0.3440.106)
  (Driver info: chromedriver=2.35.528161 (5b82f2d2aae0ca24b877009200ced9065a772e73),platform=Windows NT 10.0.17134 x86_64) (WARNING: The server did not provide any stacktrace information)
Command duration or timeout: 0 milliseconds
Build info: version: '3.7.1', revision: '8a0099a', time: '2017-11-06T21:07:36.161Z'
System info: host: 'PC251', ip: '172.20.13.209', os.name: 'Windows 10', os.arch: 'amd64', os.version: '10.0', java.version: '1.8.0_102'
Driver info: com.kms.katalon.selenium.driver.CChromeDriver
Capabilities {acceptInsecureCerts: false, acceptSslCerts: false, applicationCacheEnabled: false, browserConnectionEnabled: false, browserName: chrome, chrome: {chromedriverVersion: 2.35.528161 (5b82f2d2aae0ca..., userDataDir: C:\Users\Agato\AppData\Loca...}, cssSelectorsEnabled: true, databaseEnabled: false, handlesAlerts: true, hasTouchScreen: false, javascriptEnabled: true, locationContextEnabled: true, mobileEmulationEnabled: false, nativeEvents: true, networkConnectionEnabled: false, pageLoadStrategy: normal, platform: XP, platformName: XP, rotatable: false, setWindowRect: true, takesHeapSnapshot: true, takesScreenshot: true, unexpectedAlertBehaviour: , unhandledPromptBehavior: , version: 68.0.3440.106, webStorageEnabled: true}
Session ID: 9c5d85883ba98725ec728af73fdb46fa)"/>
         <system-out><![CDATA[2018-09-04 15:42:04 - [TEST_CASE][FAILED] - Test Cases/TC/TC_NewUser: Test Cases/TC/TC_NewUser FAILED because (of) Unable to click on object 'Object Repository/Index/Page_MyCircutor/button_CREATE ACCOUNT' (Root cause: org.openqa.selenium.ElementNotVisibleException: element not visible
  (Session info: chrome=68.0.3440.106)
  (Driver info: chromedriver=2.35.528161 (5b82f2d2aae0ca24b877009200ced9065a772e73),platform=Windows NT 10.0.17134 x86_64) (WARNING: The server did not provide any stacktrace information)
Command duration or timeout: 0 milliseconds
Build info: version: '3.7.1', revision: '8a0099a', time: '2017-11-06T21:07:36.161Z'
System info: host: 'PC251', ip: '172.20.13.209', os.name: 'Windows 10', os.arch: 'amd64', os.version: '10.0', java.version: '1.8.0_102'
Driver info: com.kms.katalon.selenium.driver.CChromeDriver
Capabilities {acceptInsecureCerts: false, acceptSslCerts: false, applicationCacheEnabled: false, browserConnectionEnabled: false, browserName: chrome, chrome: {chromedriverVersion: 2.35.528161 (5b82f2d2aae0ca..., userDataDir: C:\Users\Agato\AppData\Loca...}, cssSelectorsEnabled: true, databaseEnabled: false, handlesAlerts: true, hasTouchScreen: false, javascriptEnabled: true, locationContextEnabled: true, mobileEmulationEnabled: false, nativeEvents: true, networkConnectionEnabled: false, pageLoadStrategy: normal, platform: XP, platformName: XP, rotatable: false, setWindowRect: true, takesHeapSnapshot: true, takesScreenshot: true, unexpectedAlertBehaviour: , unhandledPromptBehavior: , version: 68.0.3440.106, webStorageEnabled: true}
Session ID: 9c5d85883ba98725ec728af73fdb46fa)

2018-09-04 15:42:04 - [TEST_STEP][PASSED] - callTestCase: Call Test Case 'Test Cases/Lib/Indice/OpenBrowser' successfully

2018-09-04 15:42:04 - [TEST_CASE][PASSED] - Test Cases/Lib/Indice/OpenBrowser: Test Cases/Lib/Indice/OpenBrowser

2018-09-04 15:42:04 - [TEST_STEP][PASSED] - openBrowser: Browser is opened with url: ''

2018-09-04 15:42:04 - [MESSAGE][WARNING] - A browser is already opened. Closing browser and opening a new one

2018-09-04 15:42:07 - [MESSAGE][PASSED] - Browser is opened with url: ''

2018-09-04 15:42:07 - [TEST_STEP][PASSED] - navigateToUrl: Navigate to 'http://192.168.2.121/init/index-en.html' successfully

2018-09-04 15:42:08 - [MESSAGE][PASSED] - Navigate to 'http://192.168.2.121/init/index-en.html' successfully

2018-09-04 15:42:08 - [TEST_STEP][PASSED] - click: Object: 'Object Repository/Index/Page_MYeBOX Cloud/a_I agree' is clicked on

2018-09-04 15:42:08 - [MESSAGE][PASSED] - Object: 'Object Repository/Index/Page_MYeBOX Cloud/a_I agree' is clicked on

2018-09-04 15:42:08 - [TEST_STEP][PASSED] - click: Object: 'Object Repository/Index/Page_MYeBOX Cloud/a_MYeBOXCloud' is clicked on

2018-09-04 15:42:09 - [MESSAGE][PASSED] - Object: 'Object Repository/Index/Page_MYeBOX Cloud/a_MYeBOXCloud' is clicked on

2018-09-04 15:42:09 - [MESSAGE][PASSED] - Call Test Case 'Test Cases/Lib/Indice/OpenBrowser' successfully

2018-09-04 15:42:09 - [TEST_STEP][FAILED] - callTestCase: Unable to call Test Case with id 'Test Cases/Lib/Login/NewUser' (Root cause: Call Test Case 'Test Cases/Lib/Login/NewUser' failed)

2018-09-04 15:42:09 - [TEST_CASE][FAILED] - Test Cases/Lib/Login/NewUser: Test Cases/Lib/Login/NewUser FAILED because (of) Unable to click on object 'Object Repository/Index/Page_MyCircutor/button_CREATE ACCOUNT' (Root cause: org.openqa.selenium.ElementNotVisibleException: element not visible
  (Session info: chrome=68.0.3440.106)
  (Driver info: chromedriver=2.35.528161 (5b82f2d2aae0ca24b877009200ced9065a772e73),platform=Windows NT 10.0.17134 x86_64) (WARNING: The server did not provide any stacktrace information)
Command duration or timeout: 0 milliseconds
Build info: version: '3.7.1', revision: '8a0099a', time: '2017-11-06T21:07:36.161Z'
System info: host: 'PC251', ip: '172.20.13.209', os.name: 'Windows 10', os.arch: 'amd64', os.version: '10.0', java.version: '1.8.0_102'
Driver info: com.kms.katalon.selenium.driver.CChromeDriver
Capabilities {acceptInsecureCerts: false, acceptSslCerts: false, applicationCacheEnabled: false, browserConnectionEnabled: false, browserName: chrome, chrome: {chromedriverVersion: 2.35.528161 (5b82f2d2aae0ca..., userDataDir: C:\Users\Agato\AppData\Loca...}, cssSelectorsEnabled: true, databaseEnabled: false, handlesAlerts: true, hasTouchScreen: false, javascriptEnabled: true, locationContextEnabled: true, mobileEmulationEnabled: false, nativeEvents: true, networkConnectionEnabled: false, pageLoadStrategy: normal, platform: XP, platformName: XP, rotatable: false, setWindowRect: true, takesHeapSnapshot: true, takesScreenshot: true, unexpectedAlertBehaviour: , unhandledPromptBehavior: , version: 68.0.3440.106, webStorageEnabled: true}
Session ID: 9c5d85883ba98725ec728af73fdb46fa)

2018-09-04 15:42:09 - [TEST_STEP][PASSED] - click: Object: 'Object Repository/Index/Page_MyCircutor/button_Create a new account' is clicked on

2018-09-04 15:42:09 - [MESSAGE][PASSED] - Object: 'Object Repository/Index/Page_MyCircutor/button_Create a new account' is clicked on

2018-09-04 15:42:09 - [TEST_STEP][PASSED] - click: Object: 'Object Repository/Index/Page_MyCircutor/div_Company name' is clicked on

2018-09-04 15:42:09 - [MESSAGE][PASSED] - Object: 'Object Repository/Index/Page_MyCircutor/div_Company name' is clicked on

2018-09-04 15:42:09 - [TEST_STEP][PASSED] - setText: Text 'Opentrends' is set on object 'Object Repository/Index/Page_MyCircutor/input_enterpriseName'

2018-09-04 15:42:10 - [MESSAGE][PASSED] - Text 'Opentrends' is set on object 'Object Repository/Index/Page_MyCircutor/input_enterpriseName'

2018-09-04 15:42:10 - [TEST_STEP][NOT_RUN] - click: NOT_RUN: click

2018-09-04 15:42:10 - [MESSAGE][NOT_RUN] - NOT_RUN: click

2018-09-04 15:42:10 - [TEST_STEP][NOT_RUN] - click: NOT_RUN: click

2018-09-04 15:42:10 - [MESSAGE][NOT_RUN] - NOT_RUN: click

2018-09-04 15:42:10 - [TEST_STEP][PASSED] - setText: Text 'Prueba1' is set on object 'Object Repository/Index/Page_MyCircutor/input_userName'

2018-09-04 15:42:10 - [MESSAGE][PASSED] - Text 'Prueba1' is set on object 'Object Repository/Index/Page_MyCircutor/input_userName'

2018-09-04 15:42:10 - [TEST_STEP][PASSED] - click: Object: 'Object Repository/Index/Page_MyCircutor/div_EMAIL' is clicked on

2018-09-04 15:42:10 - [MESSAGE][PASSED] - Object: 'Object Repository/Index/Page_MyCircutor/div_EMAIL' is clicked on

2018-09-04 15:42:10 - [TEST_STEP][PASSED] - setText: Text 'agato@opentrends.net' is set on object 'Object Repository/Index/Page_MyCircutor/input_email'

2018-09-04 15:42:10 - [MESSAGE][PASSED] - Text 'agato@opentrends.net' is set on object 'Object Repository/Index/Page_MyCircutor/input_email'

2018-09-04 15:42:10 - [TEST_STEP][PASSED] - setText: Text 'BArcelona' is set on object 'Object Repository/Index/Page_MyCircutor/input_city'

2018-09-04 15:42:10 - [MESSAGE][PASSED] - Text 'BArcelona' is set on object 'Object Repository/Index/Page_MyCircutor/input_city'

2018-09-04 15:42:10 - [TEST_STEP][PASSED] - click: Object: 'Object Repository/Index/Page_MyCircutor/i_glyphicon glyphicon-menu-dow_1' is clicked on

2018-09-04 15:42:10 - [MESSAGE][PASSED] - Object: 'Object Repository/Index/Page_MyCircutor/i_glyphicon glyphicon-menu-dow_1' is clicked on

2018-09-04 15:42:10 - [TEST_STEP][PASSED] - click: Object: 'Object Repository/Index/Page_MyCircutor/a_Head of department' is clicked on

2018-09-04 15:42:10 - [MESSAGE][PASSED] - Object: 'Object Repository/Index/Page_MyCircutor/a_Head of department' is clicked on

2018-09-04 15:42:10 - [TEST_STEP][PASSED] - setEncryptedText: Text ****** has been set on object 'Object Repository/Index/Page_MyCircutor/input_password'

2018-09-04 15:42:10 - [MESSAGE][PASSED] - Text ****** has been set on object 'Object Repository/Index/Page_MyCircutor/input_password'

2018-09-04 15:42:10 - [TEST_STEP][PASSED] - setEncryptedText: Text ****** has been set on object 'Object Repository/Index/Page_MyCircutor/input_repeatedPassword'

2018-09-04 15:42:11 - [MESSAGE][PASSED] - Text ****** has been set on object 'Object Repository/Index/Page_MyCircutor/input_repeatedPassword'

2018-09-04 15:42:11 - [TEST_STEP][PASSED] - click: Object: 'Object Repository/Index/Page_MyCircutor/label_I want to receive email' is clicked on

2018-09-04 15:42:11 - [MESSAGE][PASSED] - Object: 'Object Repository/Index/Page_MyCircutor/label_I want to receive email' is clicked on

2018-09-04 15:42:11 - [TEST_STEP][PASSED] - click: Object: 'Object Repository/Index/Page_MyCircutor/label_I accept the privacy pol' is clicked on

2018-09-04 15:42:11 - [MESSAGE][PASSED] - Object: 'Object Repository/Index/Page_MyCircutor/label_I accept the privacy pol' is clicked on

2018-09-04 15:42:11 - [TEST_STEP][FAILED] - click: Unable to click on object 'Object Repository/Index/Page_MyCircutor/button_CREATE ACCOUNT' (Root cause: org.openqa.selenium.ElementNotVisibleException: element not visible
  (Session info: chrome=68.0.3440.106)
  (Driver info: chromedriver=2.35.528161 (5b82f2d2aae0ca24b877009200ced9065a772e73),platform=Windows NT 10.0.17134 x86_64) (WARNING: The server did not provide any stacktrace information)
Command duration or timeout: 0 milliseconds
Build info: version: '3.7.1', revision: '8a0099a', time: '2017-11-06T21:07:36.161Z'
System info: host: 'PC251', ip: '172.20.13.209', os.name: 'Windows 10', os.arch: 'amd64', os.version: '10.0', java.version: '1.8.0_102'
Driver info: com.kms.katalon.selenium.driver.CChromeDriver
Capabilities {acceptInsecureCerts: false, acceptSslCerts: false, applicationCacheEnabled: false, browserConnectionEnabled: false, browserName: chrome, chrome: {chromedriverVersion: 2.35.528161 (5b82f2d2aae0ca..., userDataDir: C:\Users\Agato\AppData\Loca...}, cssSelectorsEnabled: true, databaseEnabled: false, handlesAlerts: true, hasTouchScreen: false, javascriptEnabled: true, locationContextEnabled: true, mobileEmulationEnabled: false, nativeEvents: true, networkConnectionEnabled: false, pageLoadStrategy: normal, platform: XP, platformName: XP, rotatable: false, setWindowRect: true, takesHeapSnapshot: true, takesScreenshot: true, unexpectedAlertBehaviour: , unhandledPromptBehavior: , version: 68.0.3440.106, webStorageEnabled: true}
Session ID: 9c5d85883ba98725ec728af73fdb46fa)

2018-09-04 15:42:11 - [MESSAGE][FAILED] - Unable to click on object 'Object Repository/Index/Page_MyCircutor/button_CREATE ACCOUNT' (Root cause: org.openqa.selenium.ElementNotVisibleException: element not visible
  (Session info: chrome=68.0.3440.106)
  (Driver info: chromedriver=2.35.528161 (5b82f2d2aae0ca24b877009200ced9065a772e73),platform=Windows NT 10.0.17134 x86_64) (WARNING: The server did not provide any stacktrace information)
Command duration or timeout: 0 milliseconds
Build info: version: '3.7.1', revision: '8a0099a', time: '2017-11-06T21:07:36.161Z'
System info: host: 'PC251', ip: '172.20.13.209', os.name: 'Windows 10', os.arch: 'amd64', os.version: '10.0', java.version: '1.8.0_102'
Driver info: com.kms.katalon.selenium.driver.CChromeDriver
Capabilities {acceptInsecureCerts: false, acceptSslCerts: false, applicationCacheEnabled: false, browserConnectionEnabled: false, browserName: chrome, chrome: {chromedriverVersion: 2.35.528161 (5b82f2d2aae0ca..., userDataDir: C:\Users\Agato\AppData\Loca...}, cssSelectorsEnabled: true, databaseEnabled: false, handlesAlerts: true, hasTouchScreen: false, javascriptEnabled: true, locationContextEnabled: true, mobileEmulationEnabled: false, nativeEvents: true, networkConnectionEnabled: false, pageLoadStrategy: normal, platform: XP, platformName: XP, rotatable: false, setWindowRect: true, takesHeapSnapshot: true, takesScreenshot: true, unexpectedAlertBehaviour: , unhandledPromptBehavior: , version: 68.0.3440.106, webStorageEnabled: true}
Session ID: 9c5d85883ba98725ec728af73fdb46fa)
[[ATTACHMENT|C:\\Users\\Agato\\git\\Circutor\\Circutor\\Reports\\TS_Regression\\20180904_154148\\1536068531350.png]]

2018-09-04 15:42:11 - [MESSAGE][FAILED] - Unable to call Test Case with id 'Test Cases/Lib/Login/NewUser' (Root cause: Call Test Case 'Test Cases/Lib/Login/NewUser' failed)]]></system-out>
         <system-err><![CDATA[2018-09-04 15:42:04 - [TEST_CASE][FAILED] - Test Cases/TC/TC_NewUser: Test Cases/TC/TC_NewUser FAILED because (of) Unable to click on object 'Object Repository/Index/Page_MyCircutor/button_CREATE ACCOUNT' (Root cause: org.openqa.selenium.ElementNotVisibleException: element not visible
  (Session info: chrome=68.0.3440.106)
  (Driver info: chromedriver=2.35.528161 (5b82f2d2aae0ca24b877009200ced9065a772e73),platform=Windows NT 10.0.17134 x86_64) (WARNING: The server did not provide any stacktrace information)
Command duration or timeout: 0 milliseconds
Build info: version: '3.7.1', revision: '8a0099a', time: '2017-11-06T21:07:36.161Z'
System info: host: 'PC251', ip: '172.20.13.209', os.name: 'Windows 10', os.arch: 'amd64', os.version: '10.0', java.version: '1.8.0_102'
Driver info: com.kms.katalon.selenium.driver.CChromeDriver
Capabilities {acceptInsecureCerts: false, acceptSslCerts: false, applicationCacheEnabled: false, browserConnectionEnabled: false, browserName: chrome, chrome: {chromedriverVersion: 2.35.528161 (5b82f2d2aae0ca..., userDataDir: C:\Users\Agato\AppData\Loca...}, cssSelectorsEnabled: true, databaseEnabled: false, handlesAlerts: true, hasTouchScreen: false, javascriptEnabled: true, locationContextEnabled: true, mobileEmulationEnabled: false, nativeEvents: true, networkConnectionEnabled: false, pageLoadStrategy: normal, platform: XP, platformName: XP, rotatable: false, setWindowRect: true, takesHeapSnapshot: true, takesScreenshot: true, unexpectedAlertBehaviour: , unhandledPromptBehavior: , version: 68.0.3440.106, webStorageEnabled: true}
Session ID: 9c5d85883ba98725ec728af73fdb46fa)]]></system-err>
      </testcase>
      <system-out><![CDATA[2018-09-04 15:41:49 - [TEST_SUITE][FAILED] - TS_Regression: Test Cases/TC/TC_NewUser FAILED because (of) Unable to click on object 'Object Repository/Index/Page_MyCircutor/button_CREATE ACCOUNT' (Root cause: org.openqa.selenium.ElementNotVisibleException: element not visible
  (Session info: chrome=68.0.3440.106)
  (Driver info: chromedriver=2.35.528161 (5b82f2d2aae0ca24b877009200ced9065a772e73),platform=Windows NT 10.0.17134 x86_64) (WARNING: The server did not provide any stacktrace information)
Command duration or timeout: 0 milliseconds
Build info: version: '3.7.1', revision: '8a0099a', time: '2017-11-06T21:07:36.161Z'
System info: host: 'PC251', ip: '172.20.13.209', os.name: 'Windows 10', os.arch: 'amd64', os.version: '10.0', java.version: '1.8.0_102'
Driver info: com.kms.katalon.selenium.driver.CChromeDriver
Capabilities {acceptInsecureCerts: false, acceptSslCerts: false, applicationCacheEnabled: false, browserConnectionEnabled: false, browserName: chrome, chrome: {chromedriverVersion: 2.35.528161 (5b82f2d2aae0ca..., userDataDir: C:\Users\Agato\AppData\Loca...}, cssSelectorsEnabled: true, databaseEnabled: false, handlesAlerts: true, hasTouchScreen: false, javascriptEnabled: true, locationContextEnabled: true, mobileEmulationEnabled: false, nativeEvents: true, networkConnectionEnabled: false, pageLoadStrategy: normal, platform: XP, platformName: XP, rotatable: false, setWindowRect: true, takesHeapSnapshot: true, takesScreenshot: true, unexpectedAlertBehaviour: , unhandledPromptBehavior: , version: 68.0.3440.106, webStorageEnabled: true}
Session ID: 9c5d85883ba98725ec728af73fdb46fa)]]></system-out>
      <system-err><![CDATA[2018-09-04 15:41:49 - [TEST_SUITE][FAILED] - TS_Regression: Test Cases/TC/TC_NewUser FAILED because (of) Unable to click on object 'Object Repository/Index/Page_MyCircutor/button_CREATE ACCOUNT' (Root cause: org.openqa.selenium.ElementNotVisibleException: element not visible
  (Session info: chrome=68.0.3440.106)
  (Driver info: chromedriver=2.35.528161 (5b82f2d2aae0ca24b877009200ced9065a772e73),platform=Windows NT 10.0.17134 x86_64) (WARNING: The server did not provide any stacktrace information)
Command duration or timeout: 0 milliseconds
Build info: version: '3.7.1', revision: '8a0099a', time: '2017-11-06T21:07:36.161Z'
System info: host: 'PC251', ip: '172.20.13.209', os.name: 'Windows 10', os.arch: 'amd64', os.version: '10.0', java.version: '1.8.0_102'
Driver info: com.kms.katalon.selenium.driver.CChromeDriver
Capabilities {acceptInsecureCerts: false, acceptSslCerts: false, applicationCacheEnabled: false, browserConnectionEnabled: false, browserName: chrome, chrome: {chromedriverVersion: 2.35.528161 (5b82f2d2aae0ca..., userDataDir: C:\Users\Agato\AppData\Loca...}, cssSelectorsEnabled: true, databaseEnabled: false, handlesAlerts: true, hasTouchScreen: false, javascriptEnabled: true, locationContextEnabled: true, mobileEmulationEnabled: false, nativeEvents: true, networkConnectionEnabled: false, pageLoadStrategy: normal, platform: XP, platformName: XP, rotatable: false, setWindowRect: true, takesHeapSnapshot: true, takesScreenshot: true, unexpectedAlertBehaviour: , unhandledPromptBehavior: , version: 68.0.3440.106, webStorageEnabled: true}
Session ID: 9c5d85883ba98725ec728af73fdb46fa)]]></system-err>
   </testsuite>
</testsuites>
